GROUP,PACKAGE,CLASS,INSTRUCTION_MISSED,INSTRUCTION_COVERED,BRANCH_MISSED,BRANCH_COVERED,LINE_MISSED,LINE_COVERED,COMPLEXITY_MISSED,COMPLEXITY_COVERED,METHOD_MISSED,METHOD_COVERED
Metaschema Core API,gov.nist.secauto.metaschema.core.metapath.item.node,AbstractFlagInstanceNodeItem,29,19,2,0,10,7,3,4,2,4
Metaschema Core API,gov.nist.secauto.metaschema.core.metapath.item.node,IFeatureFlagContainerItem,2,11,0,0,1,3,1,3,1,3
Metaschema Core API,gov.nist.secauto.metaschema.core.metapath.item.node,IFeatureOrhpanedDefinitionModelNodeItem,0,4,0,0,0,2,0,2,0,2
Metaschema Core API,gov.nist.secauto.metaschema.core.metapath.item.node,DefaultNodeItemFactory,138,366,21,21,26,77,23,26,7,21
Metaschema Core API,gov.nist.secauto.metaschema.core.metapath.item.node,AssemblyInstanceNodeItemImpl,30,0,0,0,8,0,4,0,4,0
Metaschema Core API,gov.nist.secauto.metaschema.core.metapath.item.node,IAssemblyNodeItem,14,9,2,0,4,2,4,2,3,2
Metaschema Core API,gov.nist.secauto.metaschema.core.metapath.item.node,AbstractNodeItemFactory,116,188,19,17,20,41,17,20,3,16
Metaschema Core API,gov.nist.secauto.metaschema.core.metapath.item.node,IFeatureRequiredDataItem,2,0,0,0,1,0,1,0,1,0
Metaschema Core API,gov.nist.secauto.metaschema.core.metapath.item.node,IDocumentBasedNodeItem,5,2,0,0,2,1,2,1,2,1
Metaschema Core API,gov.nist.secauto.metaschema.core.metapath.item.node,AssemblyOrphanedDefinitionDataNodeItemImpl,0,24,0,0,0,6,0,3,0,3
Metaschema Core API,gov.nist.secauto.metaschema.core.metapath.item.node,CycledAssemblyInstanceNodeItemImpl,31,0,0,0,9,0,7,0,7,0
Metaschema Core API,gov.nist.secauto.metaschema.core.metapath.item.node,IDefinitionNodeItem,12,12,2,2,2,4,2,2,1,1
Metaschema Core API,gov.nist.secauto.metaschema.core.metapath.item.node,IFeatureChildNodeItem,4,0,0,0,1,0,1,0,1,0
Metaschema Core API,gov.nist.secauto.metaschema.core.metapath.item.node,IModuleNodeItem,44,4,4,0,12,1,9,1,7,1
Metaschema Core API,gov.nist.secauto.metaschema.core.metapath.item.node,DocumentNodeItemImpl,59,0,0,0,15,0,7,0,7,0
Metaschema Core API,gov.nist.secauto.metaschema.core.metapath.item.node,AbstractGlobalDefinitionNodeItem,8,13,0,0,2,5,2,3,2,3
Metaschema Core API,gov.nist.secauto.metaschema.core.metapath.item.node,AssemblyOrphanedDefinitionNodeItemImpl,5,13,0,0,1,3,1,1,1,1
Metaschema Core API,gov.nist.secauto.metaschema.core.metapath.item.node,RootAssemblyValuedNodeItemImpl,36,0,0,0,11,0,6,0,6,0
Metaschema Core API,gov.nist.secauto.metaschema.core.metapath.item.node,INodeItemFactory,0,27,0,0,0,5,0,5,0,5
Metaschema Core API,gov.nist.secauto.metaschema.core.metapath.item.node,FlagInstanceNoValueNodeItemImpl,0,5,0,0,0,2,0,1,0,1
Metaschema Core API,gov.nist.secauto.metaschema.core.metapath.item.node,IFlagNodeItem,20,15,2,0,7,5,7,5,6,5
Metaschema Core API,gov.nist.secauto.metaschema.core.metapath.item.node,AbstractRecursionPreventingNodeItemVisitor,46,0,4,0,12,0,7,0,5,0
Metaschema Core API,gov.nist.secauto.metaschema.core.metapath.item.node,FlagGlobalDefinitionNodeItemImpl,0,7,0,0,0,3,0,2,0,2
Metaschema Core API,gov.nist.secauto.metaschema.core.metapath.item.node,FieldInstanceNoValueNodeItemImpl,2,18,0,0,1,4,1,2,1,2
Metaschema Core API,gov.nist.secauto.metaschema.core.metapath.item.node,AbstractInstanceNodeItem,0,22,0,0,0,8,0,5,0,5
Metaschema Core API,gov.nist.secauto.metaschema.core.metapath.item.node,IRootAssemblyNodeItem,22,0,0,0,7,0,7,0,7,0
Metaschema Core API,gov.nist.secauto.metaschema.core.metapath.item.node,IAssemblyInstanceGroupedNodeItem,11,0,0,0,3,0,3,0,3,0
Metaschema Core API,gov.nist.secauto.metaschema.core.metapath.item.node,AbstractDefinitionNodeItem,0,9,0,0,0,4,0,2,0,2
Metaschema Core API,gov.nist.secauto.metaschema.core.metapath.item.node,FieldGlobalDefinitionNodeItemImpl,0,16,0,0,0,4,0,2,0,2
Metaschema Core API,gov.nist.secauto.metaschema.core.metapath.item.node,IFeatureFlagContainerItem.FlagContainer,0,16,0,0,0,5,0,3,0,3
Metaschema Core API,gov.nist.secauto.metaschema.core.metapath.item.node,FlagInstanceNodeItemImpl,8,18,0,0,2,5,2,2,2,2
Metaschema Core API,gov.nist.secauto.metaschema.core.metapath.item.node,FieldInstanceNodeItemImpl,17,34,0,0,4,8,3,3,3,3
Metaschema Core API,gov.nist.secauto.metaschema.core.metapath.item.node,IFeatureNoDataAtomicValuedItem,2,0,0,0,1,0,1,0,1,0
Metaschema Core API,gov.nist.secauto.metaschema.core.metapath.item.node,IFeatureNoDataValuedItem,4,0,0,0,2,0,2,0,2,0
Metaschema Core API,gov.nist.secauto.metaschema.core.metapath.item.node,AbstractNodeItemVisitor,154,7,14,0,29,2,18,3,11,3
Metaschema Core API,gov.nist.secauto.metaschema.core.metapath.item.node,IFeatureModelContainerItem.ModelContainer,2,21,1,1,0,6,1,3,0,3
Metaschema Core API,gov.nist.secauto.metaschema.core.metapath.item.node,AssemblyGlobalDefinitionNodeItemImpl,0,18,0,0,0,4,0,2,0,2
Metaschema Core API,gov.nist.secauto.metaschema.core.metapath.item.node,IFeatureModelContainerItem,0,9,0,0,0,2,0,2,0,2
Metaschema Core API,gov.nist.secauto.metaschema.core.metapath.item.node,IFeatureOrhpanedDefinitionNodeItem,2,2,0,0,1,1,1,1,1,1
Metaschema Core API,gov.nist.secauto.metaschema.core.metapath.item.node,IDocumentNodeItem,13,0,0,0,4,0,4,0,4,0
Metaschema Core API,gov.nist.secauto.metaschema.core.metapath.item.node,IFeatureAtomicValuedItem,17,0,2,0,6,0,2,0,1,0
Metaschema Core API,gov.nist.secauto.metaschema.core.metapath.item.node,AssemblyInstanceNoValueNodeItemImpl,0,20,0,0,0,5,0,3,0,3
Metaschema Core API,gov.nist.secauto.metaschema.core.metapath.item.node,FieldOrphanedDefinitionNodeItemImpl,16,0,0,0,4,0,2,0,2,0
Metaschema Core API,gov.nist.secauto.metaschema.core.metapath.item.node,ModuleNodeItemImpl,6,22,0,0,2,6,2,3,2,3
Metaschema Core API,gov.nist.secauto.metaschema.core.metapath.item.node,AbstractOrphanedDefinitionNodeItem,12,23,1,1,4,7,4,1,3,1
Metaschema Core API,gov.nist.secauto.metaschema.core.metapath.item.node,IFieldNodeItem,23,0,2,0,6,0,6,0,5,0
Metaschema Core API,gov.nist.secauto.metaschema.core.metapath.item.node,INodeItem,59,51,8,4,11,10,11,8,6,7
Metaschema Core API,gov.nist.secauto.metaschema.core.metapath.item.node,NodeItemType,0,33,0,0,0,6,0,1,0,1
Metaschema Core API,gov.nist.secauto.metaschema.core.model.validation,IValidationResult.new IValidationResult() {...},6,3,0,0,3,1,3,1,3,1
Metaschema Core API,gov.nist.secauto.metaschema.core.model.validation,JsonSchemaContentValidator.JsonValidationResult,21,0,2,0,5,0,4,0,3,0
Metaschema Core API,gov.nist.secauto.metaschema.core.model.validation,JsonSchemaContentValidator.JsonValidationFinding,39,0,0,0,13,0,10,0,10,0
Metaschema Core API,gov.nist.secauto.metaschema.core.model.validation,IValidationResult,0,15,0,2,0,2,0,3,0,2
Metaschema Core API,gov.nist.secauto.metaschema.core.model.validation,IValidationFinding.Kind,0,27,0,0,0,5,0,1,0,1
Metaschema Core API,gov.nist.secauto.metaschema.core.model.validation,JsonSchemaContentValidator,110,0,0,0,27,0,9,0,9,0
Metaschema Core API,gov.nist.secauto.metaschema.core.model.validation,XmlSchemaContentValidator.XmlValidationErrorHandler,82,0,2,0,20,0,9,0,8,0
Metaschema Core API,gov.nist.secauto.metaschema.core.model.validation,AggregateValidationResult,95,0,6,0,21,0,10,0,7,0
Metaschema Core API,gov.nist.secauto.metaschema.core.model.validation,XmlSchemaContentValidator,79,0,2,0,20,0,6,0,5,0
Metaschema Core API,gov.nist.secauto.metaschema.core.model.validation,IContentValidator,38,0,0,0,5,0,4,0,4,0
Metaschema Core API,gov.nist.secauto.metaschema.core.model.validation,XmlSchemaContentValidator.XmlValidationFinding,72,0,4,0,19,0,16,0,14,0
Metaschema Core API,gov.nist.secauto.metaschema.core.model.validation,AbstractContentValidator,25,0,0,0,5,0,2,0,2,0
Metaschema Core API,gov.nist.secauto.metaschema.core.datatype.markup.flexmark.impl,AbstractMarkupWriter.NodeVisitorException,4,0,0,0,2,0,1,0,1,0
Metaschema Core API,gov.nist.secauto.metaschema.core.datatype.markup.flexmark.impl,AbstractMarkupWriter.MarkupNodeVisitor,122,0,18,0,31,0,12,0,3,0
Metaschema Core API,gov.nist.secauto.metaschema.core.datatype.markup.flexmark.impl,AbstractMarkupWriter,167,1093,32,90,42,293,31,77,5,42
Metaschema Core API,gov.nist.secauto.metaschema.core.metapath.item.atomic,MarkupMultiLineItemImpl,10,0,0,0,4,0,3,0,3,0
Metaschema Core API,gov.nist.secauto.metaschema.core.metapath.item.atomic,IBase64BinaryItem,18,10,0,0,4,2,4,2,4,2
Metaschema Core API,gov.nist.secauto.metaschema.core.metapath.item.atomic,UuidItemImpl,11,4,0,0,3,2,3,1,3,1
Metaschema Core API,gov.nist.secauto.metaschema.core.metapath.item.atomic,UriReferenceItemImpl,0,6,0,0,0,3,0,2,0,2
Metaschema Core API,gov.nist.secauto.metaschema.core.metapath.item.atomic,IBooleanItem,22,53,0,6,4,12,2,9,2,6
Metaschema Core API,gov.nist.secauto.metaschema.core.metapath.item.atomic,AbstractDateTimeItem,25,0,6,0,6,0,7,0,4,0
Metaschema Core API,gov.nist.secauto.metaschema.core.metapath.item.atomic,YearMonthDurationItemImpl,6,33,3,3,1,7,4,5,1,5
Metaschema Core API,gov.nist.secauto.metaschema.core.metapath.item.atomic,IIPv6AddressItem,18,0,0,0,4,0,4,0,4,0
Metaschema Core API,gov.nist.secauto.metaschema.core.metapath.item.atomic,DateWithoutTimeZoneItemImpl,12,0,0,0,4,0,3,0,3,0
Metaschema Core API,gov.nist.secauto.metaschema.core.metapath.item.atomic,AbstractDecimalItem.MapKey,0,32,2,4,0,5,2,5,0,4
Metaschema Core API,gov.nist.secauto.metaschema.core.metapath.item.atomic,NonNegativeIntegerItemImpl,0,6,0,0,0,3,0,2,0,2
Metaschema Core API,gov.nist.secauto.metaschema.core.metapath.item.atomic,IIPv4AddressItem,18,0,0,0,4,0,4,0,4,0
Metaschema Core API,gov.nist.secauto.metaschema.core.metapath.item.atomic,AbstractDecimalItem,0,9,0,0,0,3,0,2,0,2
Metaschema Core API,gov.nist.secauto.metaschema.core.metapath.item.atomic,AbstractTemporalItem.MapKey,36,0,6,0,9,0,7,0,4,0
Metaschema Core API,gov.nist.secauto.metaschema.core.metapath.item.atomic,BooleanItemImpl,12,51,3,7,3,12,6,10,3,8
Metaschema Core API,gov.nist.secauto.metaschema.core.metapath.item.atomic,IAnyAtomicItem,2,17,0,0,1,2,1,2,1,2
Metaschema Core API,gov.nist.secauto.metaschema.core.metapath.item.atomic,DateTimeWithTimeZoneItemImpl,10,0,0,0,4,0,3,0,3,0
Metaschema Core API,gov.nist.secauto.metaschema.core.metapath.item.atomic,TokenItemImpl,6,0,0,0,3,0,2,0,2,0
Metaschema Core API,gov.nist.secauto.metaschema.core.metapath.item.atomic,IIPAddressItem,6,0,0,0,1,0,1,0,1,0
Metaschema Core API,gov.nist.secauto.metaschema.core.metapath.item.atomic,INonNegativeIntegerItem,46,16,1,1,10,4,6,2,5,2
Metaschema Core API,gov.nist.secauto.metaschema.core.metapath.item.atomic,IPositiveIntegerItem,36,23,1,1,8,5,4,4,3,4
Metaschema Core API,gov.nist.secauto.metaschema.core.metapath.item.atomic,AbstractStringItem,0,32,2,4,0,7,2,6,0,5
Metaschema Core API,gov.nist.secauto.metaschema.core.metapath.item.atomic,AbstractStringItem.MapKey,0,9,0,0,0,2,0,2,0,2
Metaschema Core API,gov.nist.secauto.metaschema.core.metapath.item.atomic,AbstractAnyAtomicItem,0,20,0,0,0,6,0,4,0,4
Metaschema Core API,gov.nist.secauto.metaschema.core.metapath.item.atomic,DateWithTimeZoneItemImpl,10,0,0,0,4,0,3,0,3,0
Metaschema Core API,gov.nist.secauto.metaschema.core.metapath.item.atomic,IEmailAddressItem,29,0,0,0,5,0,3,0,3,0
Metaschema Core API,gov.nist.secauto.metaschema.core.metapath.item.atomic,INumericItem,8,116,0,10,2,28,0,8,0,3
Metaschema Core API,gov.nist.secauto.metaschema.core.metapath.item.atomic,AbstractUntypedAtomicItem,9,0,0,0,3,0,2,0,2,0
Metaschema Core API,gov.nist.secauto.metaschema.core.metapath.item.atomic,AnyUriItemImpl,6,0,0,0,3,0,2,0,2,0
Metaschema Core API,gov.nist.secauto.metaschema.core.metapath.item.atomic,NcNameItemImpl,6,0,0,0,3,0,2,0,2,0
Metaschema Core API,gov.nist.secauto.metaschema.core.metapath.item.atomic,EmailAddressItemImpl,6,0,0,0,3,0,2,0,2,0
Metaschema Core API,gov.nist.secauto.metaschema.core.metapath.item.atomic,AbstractUntypedAtomicItem.MapKey,9,0,0,0,2,0,2,0,2,0
Metaschema Core API,gov.nist.secauto.metaschema.core.metapath.item.atomic,INcNameItem,29,0,0,0,5,0,3,0,3,0
Metaschema Core API,gov.nist.secauto.metaschema.core.metapath.item.atomic,IDurationItem,34,0,2,0,13,0,3,0,2,0
Metaschema Core API,gov.nist.secauto.metaschema.core.metapath.item.atomic,IPv6AddressItemImpl,10,0,0,0,4,0,3,0,3,0
Metaschema Core API,gov.nist.secauto.metaschema.core.metapath.item.atomic,AbstractTemporalItem,9,0,0,0,3,0,2,0,2,0
Metaschema Core API,gov.nist.secauto.metaschema.core.metapath.item.atomic,DecimalItemImpl,3,50,3,5,1,9,4,7,1,6
Metaschema Core API,gov.nist.secauto.metaschema.core.metapath.item.atomic,IDecimalItem,14,79,0,2,2,13,0,14,0,13
Metaschema Core API,gov.nist.secauto.metaschema.core.metapath.item.atomic,IHostnameItem,29,0,0,0,5,0,3,0,3,0
Metaschema Core API,gov.nist.secauto.metaschema.core.metapath.item.atomic,IStringItem,3,21,0,0,1,5,1,5,1,5
Metaschema Core API,gov.nist.secauto.metaschema.core.metapath.item.atomic,HostnameItemImpl,6,0,0,0,3,0,2,0,2,0
Metaschema Core API,gov.nist.secauto.metaschema.core.metapath.item.atomic,AbstractIntegerItem,0,57,2,8,0,10,2,10,0,7
Metaschema Core API,gov.nist.secauto.metaschema.core.metapath.item.atomic,IntegerItemImpl,0,6,0,0,0,3,0,2,0,2
Metaschema Core API,gov.nist.secauto.metaschema.core.metapath.item.atomic,IUriReferenceItem,8,5,0,0,2,1,2,1,2,1
Metaschema Core API,gov.nist.secauto.metaschema.core.metapath.item.atomic,IUuidItem,19,8,0,0,4,2,4,2,4,2
Metaschema Core API,gov.nist.secauto.metaschema.core.metapath.item.atomic,IPv4AddressItemImpl,10,0,0,0,4,0,3,0,3,0
Metaschema Core API,gov.nist.secauto.metaschema.core.metapath.item.atomic,MarkupLineItemImpl,10,0,0,0,4,0,3,0,3,0
Metaschema Core API,gov.nist.secauto.metaschema.core.metapath.item.atomic,Base64BinaryItemImpl.MapKey,30,0,6,0,5,0,7,0,4,0
Metaschema Core API,gov.nist.secauto.metaschema.core.metapath.item.atomic,IDayTimeDurationItem,31,16,0,0,6,3,4,3,4,3
Metaschema Core API,gov.nist.secauto.metaschema.core.metapath.item.atomic,ITemporalItem,6,0,0,0,1,0,1,0,1,0
Metaschema Core API,gov.nist.secauto.metaschema.core.metapath.item.atomic,IMarkupItem,29,0,0,0,6,0,6,0,6,0
Metaschema Core API,gov.nist.secauto.metaschema.core.metapath.item.atomic,PositiveIntegerItemImpl,0,6,0,0,0,3,0,2,0,2
Metaschema Core API,gov.nist.secauto.metaschema.core.metapath.item.atomic,AbstractUriItem.MapKey,9,0,0,0,2,0,2,0,2,0
Metaschema Core API,gov.nist.secauto.metaschema.core.metapath.item.atomic,DayTimeDurationItemImpl.MapKey,30,0,6,0,5,0,7,0,4,0
Metaschema Core API,gov.nist.secauto.metaschema.core.metapath.item.atomic,IDateTimeItem,42,0,0,0,8,0,6,0,6,0
Metaschema Core API,gov.nist.secauto.metaschema.core.metapath.item.atomic,IIntegerItem,9,78,0,4,3,21,0,13,0,11
Metaschema Core API,gov.nist.secauto.metaschema.core.metapath.item.atomic,StringItemImpl,2,4,0,0,1,2,1,1,1,1
Metaschema Core API,gov.nist.secauto.metaschema.core.metapath.item.atomic,ITokenItem,29,0,0,0,5,0,3,0,3,0
Metaschema Core API,gov.nist.secauto.metaschema.core.metapath.item.atomic,IYearMonthDurationItem,28,49,1,1,5,8,4,4,3,4
Metaschema Core API,gov.nist.secauto.metaschema.core.metapath.item.atomic,YearMonthDurationItemImpl.MapKey,30,0,6,0,5,0,7,0,4,0
Metaschema Core API,gov.nist.secauto.metaschema.core.metapath.item.atomic,IAnyUriItem,48,11,2,2,9,3,10,1,8,1
Metaschema Core API,gov.nist.secauto.metaschema.core.metapath.item.atomic,UuidItemImpl.MapKey,32,0,6,0,5,0,7,0,4,0
Metaschema Core API,gov.nist.secauto.metaschema.core.metapath.item.atomic,AbstractDateItem,25,0,6,0,6,0,7,0,4,0
Metaschema Core API,gov.nist.secauto.metaschema.core.metapath.item.atomic,AbstractUriItem,20,12,6,0,3,4,5,3,2,3
Metaschema Core API,gov.nist.secauto.metaschema.core.metapath.item.atomic,IDateItem,46,0,0,0,9,0,6,0,6,0
Metaschema Core API,gov.nist.secauto.metaschema.core.metapath.item.atomic,DateTimeWithoutTimeZoneItemImpl,12,0,0,0,4,0,3,0,3,0
Metaschema Core API,gov.nist.secauto.metaschema.core.metapath.item.atomic,BooleanItemImpl.MapKey,30,0,6,0,5,0,7,0,4,0
Metaschema Core API,gov.nist.secauto.metaschema.core.metapath.item.atomic,DayTimeDurationItemImpl,6,28,3,3,1,7,4,5,1,5
Metaschema Core API,gov.nist.secauto.metaschema.core.metapath.item.atomic,Base64BinaryItemImpl,18,16,5,1,2,6,5,4,2,4
Metaschema Core API,gov.nist.secauto.metaschema.core.datatype.object,DateTime,9,5,0,0,1,2,1,1,1,1
Metaschema Core API,gov.nist.secauto.metaschema.core.datatype.object,AbstractAmbiguousTemporal,3,7,0,0,1,3,1,1,1,1
Metaschema Core API,gov.nist.secauto.metaschema.core.datatype.object,Date,9,5,0,0,1,2,1,1,1,1
Metaschema Core API,gov.nist.secauto.metaschema.core.metapath.cst.math,IntegerDivision,55,0,4,0,15,0,8,0,6,0
Metaschema Core API,gov.nist.secauto.metaschema.core.metapath.cst.math,Subtraction,147,0,26,0,38,0,17,0,4,0
Metaschema Core API,gov.nist.secauto.metaschema.core.metapath.cst.math,Division,119,0,20,0,31,0,14,0,4,0
Metaschema Core API,gov.nist.secauto.metaschema.core.metapath.cst.math,Modulo,49,0,4,0,12,0,7,0,5,0
Metaschema Core API,gov.nist.secauto.metaschema.core.metapath.cst.math,AbstractArithmeticExpression,3,12,0,0,1,3,1,1,1,1
Metaschema Core API,gov.nist.secauto.metaschema.core.metapath.cst.math,AbstractBasicArithmeticExpression,5,41,2,2,2,9,3,3,1,3
Metaschema Core API,gov.nist.secauto.metaschema.core.metapath.cst.math,Multiplication,102,0,16,0,27,0,12,0,4,0
Metaschema Core API,gov.nist.secauto.metaschema.core.metapath.cst.math,Addition,122,42,25,5,28,14,15,4,0,4
Metaschema Core API,gov.nist.secauto.metaschema.core.datatype.adapter,DecimalAdapter,37,58,4,2,11,16,6,7,3,7
Metaschema Core API,gov.nist.secauto.metaschema.core.datatype.adapter,DateAdapter,95,82,9,3,25,16,10,5,5,4
Metaschema Core API,gov.nist.secauto.metaschema.core.datatype.adapter,DateFormats,0,47,0,0,0,21,0,1,0,1
Metaschema Core API,gov.nist.secauto.metaschema.core.datatype.adapter,UriAdapter,15,20,0,0,5,6,4,4,4,4
Metaschema Core API,gov.nist.secauto.metaschema.core.datatype.adapter,NonNegativeIntegerAdapter,10,22,0,0,3,7,2,3,2,3
Metaschema Core API,gov.nist.secauto.metaschema.core.datatype.adapter,Base64Adapter,28,50,2,0,7,15,3,7,2,7
Metaschema Core API,gov.nist.secauto.metaschema.core.datatype.adapter,DateWithTZAdapter,64,20,2,0,13,7,7,3,6,3
Metaschema Core API,gov.nist.secauto.metaschema.core.datatype.adapter,AbstractIntegerAdapter,22,4,0,0,8,2,4,1,4,1
Metaschema Core API,gov.nist.secauto.metaschema.core.datatype.adapter,DateTimeWithTZAdapter,29,28,0,0,8,8,5,4,5,4
Metaschema Core API,gov.nist.secauto.metaschema.core.datatype.adapter,EmailAddressAdapter,9,22,0,0,3,7,2,3,2,3
Metaschema Core API,gov.nist.secauto.metaschema.core.datatype.adapter,IntegerAdapter,22,38,5,1,5,11,3,6,0,6
Metaschema Core API,gov.nist.secauto.metaschema.core.datatype.adapter,DayTimeAdapter,23,20,0,0,7,6,4,4,4,4
Metaschema Core API,gov.nist.secauto.metaschema.core.datatype.adapter,IPv4AddressAdapter,31,38,0,0,8,17,5,3,5,3
Metaschema Core API,gov.nist.secauto.metaschema.core.datatype.adapter,UriReferenceAdapter,18,17,0,0,6,5,5,3,5,3
Metaschema Core API,gov.nist.secauto.metaschema.core.datatype.adapter,HostnameAdapter,9,16,0,0,3,5,2,3,2,3
Metaschema Core API,gov.nist.secauto.metaschema.core.datatype.adapter,DateTimeAdapter,87,46,8,0,23,11,9,4,5,4
Metaschema Core API,gov.nist.secauto.metaschema.core.datatype.adapter,NcNameAdapter,9,22,0,0,3,6,2,3,2,3
Metaschema Core API,gov.nist.secauto.metaschema.core.datatype.adapter,YearMonthAdapter,23,20,0,0,7,6,4,4,4,4
Metaschema Core API,gov.nist.secauto.metaschema.core.datatype.adapter,IPv6AddressAdapter,15,52,0,0,5,12,4,4,4,4
Metaschema Core API,gov.nist.secauto.metaschema.core.datatype.adapter,BooleanAdapter,23,80,1,3,8,24,4,11,3,10
Metaschema Core API,gov.nist.secauto.metaschema.core.datatype.adapter,StringAdapter,9,16,0,0,3,5,2,3,2,3
Metaschema Core API,gov.nist.secauto.metaschema.core.datatype.adapter,AbstractStringAdapter,5,6,0,0,2,3,2,2,2,2
Metaschema Core API,gov.nist.secauto.metaschema.core.datatype.adapter,TokenAdapter,9,16,0,0,3,5,2,3,2,3
Metaschema Core API,gov.nist.secauto.metaschema.core.datatype.adapter,UuidAdapter,18,20,0,0,6,7,5,3,5,3
Metaschema Core API,gov.nist.secauto.metaschema.core.datatype.adapter,PositiveIntegerAdapter,8,24,0,0,2,8,1,4,1,4
Metaschema Core API,gov.nist.secauto.metaschema.core.datatype.adapter,MetaschemaDataTypeProvider,0,157,0,0,0,46,0,2,0,2
Metaschema Core API,gov.nist.secauto.metaschema.core.metapath.impl,ImmutableCollections.AbstractImmutableMap,26,3,0,0,13,1,13,1,13,1
Metaschema Core API,gov.nist.secauto.metaschema.core.metapath.impl,AbstractStringMapKey,0,27,2,4,0,4,2,4,0,3
Metaschema Core API,gov.nist.secauto.metaschema.core.metapath.impl,AbstractKeySpecifier.WildcardKeySpecifier,6,8,0,0,1,3,1,2,1,2
Metaschema Core API,gov.nist.secauto.metaschema.core.metapath.impl,ImmutableCollections.AbstractImmutableDelegatedMap,0,8,0,0,0,2,0,2,0,2
Metaschema Core API,gov.nist.secauto.metaschema.core.metapath.impl,ImmutableCollections.AbstractImmutableList,8,3,0,0,4,1,4,1,4,1
Metaschema Core API,gov.nist.secauto.metaschema.core.metapath.impl,MapItemN,0,17,0,0,0,6,0,3,0,3
Metaschema Core API,gov.nist.secauto.metaschema.core.metapath.impl,StreamSequence,18,66,3,7,3,19,4,6,1,4
Metaschema Core API,gov.nist.secauto.metaschema.core.metapath.impl,AbstractKeySpecifier.IntegerLiteralKeySpecifier,25,25,0,0,5,5,0,3,0,3
Metaschema Core API,gov.nist.secauto.metaschema.core.metapath.impl,SingletonSequence,5,18,0,0,2,7,1,5,1,5
Metaschema Core API,gov.nist.secauto.metaschema.core.metapath.impl,AbstractArrayItem,38,62,4,4,9,12,5,6,2,5
Metaschema Core API,gov.nist.secauto.metaschema.core.metapath.impl,ImmutableCollections.AbstractImmutableDelegatedList,19,32,0,0,4,7,4,7,4,7
Metaschema Core API,gov.nist.secauto.metaschema.core.metapath.impl,AbstractMapItem,34,62,6,4,8,12,6,6,2,5
Metaschema Core API,gov.nist.secauto.metaschema.core.metapath.impl,ArrayItemN,0,17,0,0,0,6,0,3,0,3
Metaschema Core API,gov.nist.secauto.metaschema.core.metapath.impl,AbstractSequence,6,43,2,4,1,9,3,7,1,6
Metaschema Core API,gov.nist.secauto.metaschema.core.metapath.impl,ImmutableCollections.AbstractImmutableCollection,14,3,0,0,7,1,7,1,7,1
Metaschema Core API,gov.nist.secauto.metaschema.core.metapath.impl,AbstractKeySpecifier.ParenthesizedExprKeySpecifier,111,0,4,0,26,0,9,0,7,0
Metaschema Core API,gov.nist.secauto.metaschema.core.metapath.impl,SequenceN,13,25,1,1,2,8,2,4,1,4
Metaschema Core API,gov.nist.secauto.metaschema.core.metapath.impl,AbstractKeySpecifier,20,41,1,3,3,9,2,6,1,5
Metaschema Core API,gov.nist.secauto.metaschema.core.metapath.impl,ImmutableCollections,5,0,0,0,1,0,1,0,1,0
Metaschema Core API,gov.nist.secauto.metaschema.core.metapath.impl,AbstractKeySpecifier.NcNameKeySpecifier,17,15,0,0,3,4,2,2,2,2
Metaschema Core API,gov.nist.secauto.metaschema.core.metapath.item.function,IMapItem,441,34,4,4,75,6,27,8,25,6
Metaschema Core API,gov.nist.secauto.metaschema.core.metapath.item.function,ArrayException,12,6,0,0,5,2,3,1,3,1
Metaschema Core API,gov.nist.secauto.metaschema.core.metapath.item.function,IArrayItem,376,39,5,3,39,7,37,8,34,7
Metaschema Core API,gov.nist.secauto.metaschema.core.metapath.item.function,IArrayItem.new Collector() {...},6,18,0,0,2,6,1,7,1,7
Metaschema Core API,gov.nist.secauto.metaschema.core.metapath.item,IItem,10,3,2,0,2,1,3,1,2,1
Metaschema Core API,gov.nist.secauto.metaschema.core.metapath.item,ItemUtils,49,6,5,1,11,2,4,1,1,1
Metaschema Core API,gov.nist.secauto.metaschema.core.metapath.item,TypeSystem,9,264,5,5,0,48,5,6,0,6
Metaschema Core API,gov.nist.secauto.metaschema.core.model.impl,DefaultContainerFlagSupport,3,12,0,0,1,5,1,2,1,2
Metaschema Core API,gov.nist.secauto.metaschema.core.model.impl,EmptyFlagContainer,2,10,0,0,1,3,1,3,1,3
Metaschema Core API,gov.nist.secauto.metaschema.core,MetaschemaJavaVersion,17,0,0,0,8,0,8,0,8,0
Metaschema Core API,gov.nist.secauto.metaschema.core.metapath.function.library,MapMerge,34,151,2,6,4,55,2,7,0,5
Metaschema Core API,gov.nist.secauto.metaschema.core.metapath.function.library,FnCeiling,0,47,0,2,0,21,0,3,0,2
Metaschema Core API,gov.nist.secauto.metaschema.core.metapath.function.library,FnConcat,16,69,1,3,2,29,3,6,2,5
Metaschema Core API,gov.nist.secauto.metaschema.core.metapath.function.library,FnTrue,0,19,0,0,0,11,0,2,0,2
Metaschema Core API,gov.nist.secauto.metaschema.core.metapath.function.library,ArrayPut,22,97,0,0,5,35,0,4,0,4
Metaschema Core API,gov.nist.secauto.metaschema.core.metapath.function.library,FnReverse,0,51,0,2,0,22,0,4,0,3
Metaschema Core API,gov.nist.secauto.metaschema.core.metapath.function.library,FnHead,0,46,0,2,0,18,0,4,0,3
Metaschema Core API,gov.nist.secauto.metaschema.core.metapath.function.library,FnNot,0,49,0,2,0,20,0,5,0,4
Metaschema Core API,gov.nist.secauto.metaschema.core.metapath.function.library,FnAvg,19,225,1,13,5,61,1,17,0,11
Metaschema Core API,gov.nist.secauto.metaschema.core.metapath.function.library,FnBaseUri,41,39,4,0,10,25,5,1,3,1
Metaschema Core API,gov.nist.secauto.metaschema.core.metapath.function.library,ArrayGet,0,96,0,0,0,30,0,4,0,4
Metaschema Core API,gov.nist.secauto.metaschema.core.metapath.function.library,MapEntry,0,64,0,0,0,24,0,3,0,3
Metaschema Core API,gov.nist.secauto.metaschema.core.metapath.function.library,FnRemove,0,83,0,4,0,31,0,5,0,3
Metaschema Core API,gov.nist.secauto.metaschema.core.metapath.function.library,ArrayReverse,0,49,0,0,0,21,0,3,0,3
Metaschema Core API,gov.nist.secauto.metaschema.core.metapath.function.library,FnResolveUri,118,55,16,0,31,35,12,1,4,1
Metaschema Core API,gov.nist.secauto.metaschema.core.metapath.function.library,FnDocumentUri,48,39,6,0,11,25,6,1,3,1
Metaschema Core API,gov.nist.secauto.metaschema.core.metapath.function.library,ArraySubarray,41,182,1,1,8,61,1,7,0,7
Metaschema Core API,gov.nist.secauto.metaschema.core.metapath.function.library,FnBoolean,0,118,0,18,0,38,0,14,0,5
Metaschema Core API,gov.nist.secauto.metaschema.core.metapath.function.library,FnFalse,0,19,0,0,0,11,0,2,0,2
Metaschema Core API,gov.nist.secauto.metaschema.core.metapath.function.library,FnTail,0,50,0,2,0,20,0,4,0,3
Metaschema Core API,gov.nist.secauto.metaschema.core.metapath.function.library,MapSize,3,40,0,0,1,17,1,2,1,2
Metaschema Core API,gov.nist.secauto.metaschema.core.metapath.function.library,FnEmpty,0,37,0,0,0,18,0,2,0,2
Metaschema Core API,gov.nist.secauto.metaschema.core.metapath.function.library,NumericFunction,43,43,4,0,12,20,4,4,2,4
Metaschema Core API,gov.nist.secauto.metaschema.core.metapath.function.library,ArrayHead,4,50,2,2,0,19,2,3,0,3
Metaschema Core API,gov.nist.secauto.metaschema.core.metapath.function.library,FnAbs,0,47,0,2,0,20,0,3,0,2
Metaschema Core API,gov.nist.secauto.metaschema.core.metapath.function.library,FnRound,0,109,0,4,0,48,0,5,0,3
Metaschema Core API,gov.nist.secauto.metaschema.core.metapath.function.library,MapContains,0,69,0,2,0,24,0,4,0,3
Metaschema Core API,gov.nist.secauto.metaschema.core.metapath.function.library,FnDoc,95,24,6,0,17,15,6,1,3,1
Metaschema Core API,gov.nist.secauto.metaschema.core.metapath.function.library,ArrayJoin,0,47,0,0,0,20,0,3,0,3
Metaschema Core API,gov.nist.secauto.metaschema.core.metapath.function.library,FnMinMax,19,210,5,15,2,70,6,14,1,9
Metaschema Core API,gov.nist.secauto.metaschema.core.metapath.function.library,ArrayRemove,4,117,1,3,0,34,1,8,0,7
Metaschema Core API,gov.nist.secauto.metaschema.core.metapath.function.library,DefaultFunctionLibrary,0,265,0,0,0,75,0,1,0,1
Metaschema Core API,gov.nist.secauto.metaschema.core.metapath.function.library,FnStartsWith,0,82,0,6,0,28,0,6,0,3
Metaschema Core API,gov.nist.secauto.metaschema.core.metapath.function.library,MapMerge.Duplicates,22,109,2,2,2,21,3,9,2,8
Metaschema Core API,gov.nist.secauto.metaschema.core.metapath.function.library,FnData,92,70,13,3,22,35,12,4,4,4
Metaschema Core API,gov.nist.secauto.metaschema.core.metapath.function.library,FnDocumentAvailable,121,24,10,0,27,15,8,1,3,1
Metaschema Core API,gov.nist.secauto.metaschema.core.metapath.function.library,FnPath,67,46,5,1,17,26,6,2,3,2
Metaschema Core API,gov.nist.secauto.metaschema.core.metapath.function.library,FnCount,0,37,0,0,0,18,0,2,0,2
Metaschema Core API,gov.nist.secauto.metaschema.core.metapath.function.library,FnSum,24,256,2,14,6,81,2,16,0,10
Metaschema Core API,gov.nist.secauto.metaschema.core.metapath.function.library,FnCompare,35,32,4,0,7,20,3,1,1,1
Metaschema Core API,gov.nist.secauto.metaschema.core.metapath.function.library,MapRemove,0,90,0,2,0,30,0,5,0,4
Metaschema Core API,gov.nist.secauto.metaschema.core.metapath.function.library,ArraySize,3,40,0,0,1,17,1,2,1,2
Metaschema Core API,gov.nist.secauto.metaschema.core.metapath.function.library,MapGet,0,71,0,2,0,25,0,4,0,3
Metaschema Core API,gov.nist.secauto.metaschema.core.metapath.function.library,MapKeys,0,45,0,0,0,19,0,3,0,3
Metaschema Core API,gov.nist.secauto.metaschema.core.metapath.function.library,ArrayAppend,0,66,0,0,0,27,0,3,0,3
Metaschema Core API,gov.nist.secauto.metaschema.core.metapath.function.library,MapFind,0,152,0,6,0,47,0,12,0,9
Metaschema Core API,gov.nist.secauto.metaschema.core.metapath.function.library,ArrayInsertBefore,0,99,0,0,0,35,0,4,0,4
Metaschema Core API,gov.nist.secauto.metaschema.core.metapath.function.library,MpRecurseDepth,106,55,0,0,19,35,5,1,5,1
Metaschema Core API,gov.nist.secauto.metaschema.core.metapath.function.library,CastFunction,25,44,2,0,7,21,2,4,1,4
Metaschema Core API,gov.nist.secauto.metaschema.core.metapath.function.library,MapPut,0,90,0,0,0,32,0,3,0,3
Metaschema Core API,gov.nist.secauto.metaschema.core.metapath.function.library,ArrayFlatten,0,60,0,2,0,24,0,6,0,5
Metaschema Core API,gov.nist.secauto.metaschema.core.metapath.function.library,FnStaticBaseUri,17,24,2,0,4,15,3,1,2,1
Metaschema Core API,gov.nist.secauto.metaschema.core.metapath.function.library,ArrayTail,0,43,0,0,0,18,0,3,0,3
Metaschema Core API,gov.nist.secauto.metaschema.core.metapath.function.library,FnExists,0,44,0,2,0,18,0,4,0,3
Metaschema Core API,gov.nist.secauto.metaschema.core.metapath.function.library,FnInsertBefore,4,144,2,8,2,44,2,6,0,3
Metaschema Core API,gov.nist.secauto.metaschema.core.metapath.function,FunctionUtils,109,94,11,9,23,22,11,18,5,14
Metaschema Core API,gov.nist.secauto.metaschema.core.metapath.function,DocumentFunctionException,18,0,0,0,7,0,4,0,4,0
Metaschema Core API,gov.nist.secauto.metaschema.core.metapath.function,IArgument,0,4,0,0,0,1,0,1,0,1
Metaschema Core API,gov.nist.secauto.metaschema.core.metapath.function,Occurrence,76,106,7,5,15,23,8,8,3,7
Metaschema Core API,gov.nist.secauto.metaschema.core.metapath.function,ArgumentImpl,35,47,10,0,8,12,6,5,1,5
Metaschema Core API,gov.nist.secauto.metaschema.core.metapath.function,JsonFunctionException,18,0,0,0,7,0,4,0,4,0
Metaschema Core API,gov.nist.secauto.metaschema.core.metapath.function,ComparisonFunctions.Operator,0,39,0,0,0,7,0,1,0,1
Metaschema Core API,gov.nist.secauto.metaschema.core.metapath.function,OperationFunctions,641,265,91,33,142,67,94,18,36,14
Metaschema Core API,gov.nist.secauto.metaschema.core.metapath.function,FunctionService,57,75,3,1,10,20,4,9,2,9
Metaschema Core API,gov.nist.secauto.metaschema.core.metapath.function,IFunction.FunctionProperty,0,27,0,0,0,5,0,1,0,1
Metaschema Core API,gov.nist.secauto.metaschema.core.metapath.function,IArgument.Builder,18,64,1,1,5,17,3,8,2,8
Metaschema Core API,gov.nist.secauto.metaschema.core.metapath.function,ISequenceType,2,15,1,1,1,3,1,2,0,2
Metaschema Core API,gov.nist.secauto.metaschema.core.metapath.function,SequenceTypeImpl,42,60,11,1,11,15,9,5,3,5
Metaschema Core API,gov.nist.secauto.metaschema.core.metapath.function,InvalidArgumentFunctionException,7,11,0,0,3,4,2,2,2,2
Metaschema Core API,gov.nist.secauto.metaschema.core.metapath.function,InvalidTypeFunctionException,53,0,2,0,13,0,5,0,4,0
Metaschema Core API,gov.nist.secauto.metaschema.core.metapath.function,ComparisonFunctions,713,240,155,48,141,62,104,28,6,7
Metaschema Core API,gov.nist.secauto.metaschema.core.metapath.function,UriFunctionException,18,0,0,0,7,0,4,0,4,0
Metaschema Core API,gov.nist.secauto.metaschema.core.metapath.function,AbstractFunction,0,28,0,0,0,9,0,5,0,5
Metaschema Core API,gov.nist.secauto.metaschema.core.metapath.function,IFunction.Builder,36,186,4,6,8,50,7,19,3,18
Metaschema Core API,gov.nist.secauto.metaschema.core.metapath.function,InvalidValueForCastFunctionException,10,6,0,0,4,2,2,1,2,1
Metaschema Core API,gov.nist.secauto.metaschema.core.metapath.function,DefaultFunction.CallingContext,15,81,6,6,6,16,8,4,2,4
Metaschema Core API,gov.nist.secauto.metaschema.core.metapath.function,ISequenceType.new ISequenceType() {...},8,3,0,0,4,1,4,1,4,1
Metaschema Core API,gov.nist.secauto.metaschema.core.metapath.function,FunctionLibrary.NamedFunctionSet,0,52,2,6,0,12,2,6,0,4
Metaschema Core API,gov.nist.secauto.metaschema.core.metapath.function,ArithmeticFunctionException,18,0,0,0,7,0,4,0,4,0
Metaschema Core API,gov.nist.secauto.metaschema.core.metapath.function,DefaultFunction,125,253,25,25,21,61,19,19,1,12
Metaschema Core API,gov.nist.secauto.metaschema.core.metapath.function,FunctionLibrary,41,126,4,6,9,34,4,8,1,6
Metaschema Core API,gov.nist.secauto.metaschema.core.metapath.function,DateTimeFunctionException,18,0,0,0,7,0,4,0,4,0
Metaschema Core API,gov.nist.secauto.metaschema.core.metapath.function,IFunction,9,64,2,2,1,11,3,6,1,6
Metaschema Core API,gov.nist.secauto.metaschema.core.metapath.function,IFunctionLibrary,18,0,4,0,2,0,4,0,2,0
Metaschema Core API,gov.nist.secauto.metaschema.core.datatype,AbstractCustomJavaDataType,16,8,0,0,4,3,4,1,4,1
Metaschema Core API,gov.nist.secauto.metaschema.core.datatype,AbstractDataTypeProvider,8,35,1,1,1,9,1,3,0,3
Metaschema Core API,gov.nist.secauto.metaschema.core.datatype,AbstractDataTypeAdapter,126,61,7,3,37,18,15,6,11,5
Metaschema Core API,gov.nist.secauto.metaschema.core.datatype,IDataTypeAdapter,38,8,0,0,7,1,7,1,7,1
Metaschema Core API,gov.nist.secauto.metaschema.core.datatype,DataTypeService,53,110,6,0,16,26,8,11,5,11
Metaschema Core API,gov.nist.secauto.metaschema.core.datatype,AbstractCustomJavaDataTypeAdapter,4,4,0,0,1,2,1,1,1,1
Metaschema Core API,gov.nist.secauto.metaschema.core.metapath.format,MetapathFormatter,14,29,0,0,4,9,4,5,4,5
Metaschema Core API,gov.nist.secauto.metaschema.core.metapath.format,IPathFormatter,0,19,0,0,0,4,0,3,0,3
Metaschema Core API,gov.nist.secauto.metaschema.core.metapath.format,IPathSegment,6,4,0,0,1,1,1,1,1,1
Metaschema Core API,gov.nist.secauto.metaschema.core.resource,AbstractResourceResolver,10,0,0,0,4,0,3,0,3,0
Metaschema Core API,gov.nist.secauto.metaschema.core.metapath.cst.path,Wildcard.MatchAnyNamespace,17,0,0,0,5,0,3,0,3,0
Metaschema Core API,gov.nist.secauto.metaschema.core.metapath.cst.path,RelativeSlashPath,7,20,1,1,2,5,2,2,1,2
Metaschema Core API,gov.nist.secauto.metaschema.core.metapath.cst.path,AbstractRootPathExpression,9,15,0,0,3,5,3,2,3,2
Metaschema Core API,gov.nist.secauto.metaschema.core.metapath.cst.path,ModelInstance,26,48,4,2,3,16,4,6,1,6
Metaschema Core API,gov.nist.secauto.metaschema.core.metapath.cst.path,Wildcard,58,26,9,1,7,9,8,4,3,4
Metaschema Core API,gov.nist.secauto.metaschema.core.metapath.cst.path,RootDoubleSlashPath,5,12,0,0,1,3,1,2,1,2
Metaschema Core API,gov.nist.secauto.metaschema.core.metapath.cst.path,NameTest,21,34,1,3,2,9,3,5,2,4
Metaschema Core API,gov.nist.secauto.metaschema.core.metapath.cst.path,ContextItem,13,17,1,1,3,6,3,5,2,5
Metaschema Core API,gov.nist.secauto.metaschema.core.metapath.cst.path,RootSlashOnlyPath,9,24,0,0,3,5,3,3,3,3
Metaschema Core API,gov.nist.secauto.metaschema.core.metapath.cst.path,AbstractPathExpression,7,63,2,2,1,18,2,6,0,6
Metaschema Core API,gov.nist.secauto.metaschema.core.metapath.cst.path,Axis,14,101,2,2,3,22,4,8,2,8
Metaschema Core API,gov.nist.secauto.metaschema.core.metapath.cst.path,Flag,26,50,4,4,3,16,4,7,1,6
Metaschema Core API,gov.nist.secauto.metaschema.core.metapath.cst.path,RelativeDoubleSlashPath,26,0,0,0,6,0,3,0,3,0
Metaschema Core API,gov.nist.secauto.metaschema.core.metapath.cst.path,Wildcard.MatchAnyLocalName,17,0,0,0,5,0,3,0,3,0
Metaschema Core API,gov.nist.secauto.metaschema.core.metapath.cst.path,INameTestExpression,2,5,0,0,1,2,1,2,1,2
Metaschema Core API,gov.nist.secauto.metaschema.core.metapath.cst.path,Step,33,33,0,0,4,9,4,4,4,4
Metaschema Core API,gov.nist.secauto.metaschema.core.metapath.cst.path,AbstractRelativePathExpression,6,28,0,0,1,9,1,5,1,5
Metaschema Core API,gov.nist.secauto.metaschema.core.metapath.cst.path,RootSlashPath,5,30,0,0,1,7,1,3,1,3
Metaschema Core API,gov.nist.secauto.metaschema.core.model.constraint,IConstraint,0,3,0,0,0,1,0,1,0,1
Metaschema Core API,gov.nist.secauto.metaschema.core.model.constraint,DefaultConstraintValidator.Visitor,106,49,8,2,22,13,8,5,3,5
Metaschema Core API,gov.nist.secauto.metaschema.core.model.constraint,ValueConstraintSet,29,132,0,0,7,32,3,9,3,9
Metaschema Core API,gov.nist.secauto.metaschema.core.model.constraint,IAllowedValuesConstraint.Extensible,0,21,0,0,0,4,0,1,0,1
Metaschema Core API,gov.nist.secauto.metaschema.core.model.constraint,ICardinalityConstraint.Builder,60,0,4,0,22,0,9,0,7,0
Metaschema Core API,gov.nist.secauto.metaschema.core.model.constraint,IIndexConstraint.Builder,37,0,0,0,16,0,4,0,4,0
Metaschema Core API,gov.nist.secauto.metaschema.core.model.constraint,FindingCollectingConstraintValidationHandler,302,85,4,4,100,24,17,8,13,7
Metaschema Core API,gov.nist.secauto.metaschema.core.model.constraint,IConstraint.Level,0,39,0,0,0,7,0,1,0,1
Metaschema Core API,gov.nist.secauto.metaschema.core.model.constraint,DefaultConstraintValidator,810,192,70,12,204,51,63,19,24,17
Metaschema Core API,gov.nist.secauto.metaschema.core.model.constraint,ILet,49,0,2,0,7,0,3,0,2,0
Metaschema Core API,gov.nist.secauto.metaschema.core.model.constraint,IConstraint.Kind,27,0,0,0,5,0,1,0,1,0
Metaschema Core API,gov.nist.secauto.metaschema.core.model.constraint,IFeatureValueConstrained,19,30,0,0,6,9,4,7,4,7
Metaschema Core API,gov.nist.secauto.metaschema.core.model.constraint,IIndexConstraint,10,0,0,0,2,0,2,0,2,0
Metaschema Core API,gov.nist.secauto.metaschema.core.model.constraint,IAllowedValue,0,7,0,0,0,1,0,1,0,1
Metaschema Core API,gov.nist.secauto.metaschema.core.model.constraint,IExpectConstraint,5,4,0,0,1,1,1,1,1,1
Metaschema Core API,gov.nist.secauto.metaschema.core.model.constraint,AbstractTargetedConstraints,0,15,0,0,0,6,0,3,0,3
Metaschema Core API,gov.nist.secauto.metaschema.core.model.constraint,IAllowedValuesConstraint.Builder,5,73,0,0,2,27,1,9,1,9
Metaschema Core API,gov.nist.secauto.metaschema.core.model.constraint,ISource,0,6,0,0,0,2,0,2,0,2
Metaschema Core API,gov.nist.secauto.metaschema.core.model.constraint,IIndexHasKeyConstraint.Builder,37,0,0,0,16,0,4,0,4,0
Metaschema Core API,gov.nist.secauto.metaschema.core.model.constraint,DefaultConstraintValidator.KeyRef,21,0,0,0,8,0,4,0,4,0
Metaschema Core API,gov.nist.secauto.metaschema.core.model.constraint,IIndex,176,0,22,0,39,0,20,0,9,0
Metaschema Core API,gov.nist.secauto.metaschema.core.model.constraint,AssemblyConstraintSet,54,45,0,0,15,10,3,4,3,4
Metaschema Core API,gov.nist.secauto.metaschema.core.model.constraint,ValidationFeature,0,15,0,0,0,4,0,2,0,2
Metaschema Core API,gov.nist.secauto.metaschema.core.model.constraint,ISource.SourceType,15,0,0,0,3,0,1,0,1,0
Metaschema Core API,gov.nist.secauto.metaschema.core.model.constraint,ICardinalityConstraint,9,0,0,0,2,0,2,0,2,0
Metaschema Core API,gov.nist.secauto.metaschema.core.model.constraint,IUniqueConstraint.Builder,26,0,0,0,11,0,2,0,2,0
Metaschema Core API,gov.nist.secauto.metaschema.core.model.constraint,DefaultConstraintValidator.ValueStatus,62,132,7,15,11,32,6,8,0,3
Metaschema Core API,gov.nist.secauto.metaschema.core.model.constraint,IKeyField,8,0,0,0,1,0,1,0,1,0
Metaschema Core API,gov.nist.secauto.metaschema.core.model.constraint,IIndexHasKeyConstraint,10,0,0,0,2,0,2,0,2,0
Metaschema Core API,gov.nist.secauto.metaschema.core.model.constraint,AbstractConstraintValidationHandler,237,53,2,0,45,13,13,5,12,5
Metaschema Core API,gov.nist.secauto.metaschema.core.model.constraint,IMatchesConstraint,5,4,0,0,1,1,1,1,1,1
Metaschema Core API,gov.nist.secauto.metaschema.core.model.constraint,ConstraintValidationFinding.Builder,32,72,4,4,6,20,6,7,2,7
Metaschema Core API,gov.nist.secauto.metaschema.core.model.constraint,AbstractConstraintBuilder,48,66,0,0,13,22,7,14,7,14
Metaschema Core API,gov.nist.secauto.metaschema.core.model.constraint,DefaultScopedContraints,0,21,0,0,0,8,0,4,0,4
Metaschema Core API,gov.nist.secauto.metaschema.core.model.constraint,FieldTargetedConstraints,9,0,0,0,4,0,2,0,2,0
Metaschema Core API,gov.nist.secauto.metaschema.core.model.constraint,FlagTargetedConstraints,9,0,0,0,4,0,2,0,2,0
Metaschema Core API,gov.nist.secauto.metaschema.core.model.constraint,DefaultConstraintSet,3,60,0,0,1,17,1,6,1,6
Metaschema Core API,gov.nist.secauto.metaschema.core.model.constraint,IMatchesConstraint.Builder,17,48,2,2,4,19,4,6,2,6
Metaschema Core API,gov.nist.secauto.metaschema.core.model.constraint,ConstraintValidationFinding,67,39,6,0,18,13,15,4,12,4
Metaschema Core API,gov.nist.secauto.metaschema.core.model.constraint,AssemblyTargetedConstraints,0,37,0,0,0,9,0,3,0,3
Metaschema Core API,gov.nist.secauto.metaschema.core.model.constraint,IFeatureModelConstrained,15,12,0,0,6,3,3,3,3,3
Metaschema Core API,gov.nist.secauto.metaschema.core.model.constraint,IExpectConstraint.Builder,5,48,0,0,2,19,1,6,1,6
Metaschema Core API,gov.nist.secauto.metaschema.core.model.constraint,IUniqueConstraint,9,0,0,0,2,0,2,0,2,0
Metaschema Core API,gov.nist.secauto.metaschema.core.model.constraint,AbstractKeyConstraintBuilder,27,0,0,0,8,0,4,0,4,0
Metaschema Core API,gov.nist.secauto.metaschema.core.model.constraint,IAllowedValuesConstraint,5,13,0,0,1,3,1,3,1,3
Metaschema Core API,gov.nist.secauto.metaschema.core.model.constraint,LoggingConstraintValidationHandler,330,0,38,0,86,0,42,0,20,0
Metaschema Core API,gov.nist.secauto.metaschema.core.model.util,JsonUtil,271,0,19,0,64,0,26,0,16,0
Metaschema Core API,gov.nist.secauto.metaschema.core.model.util,XmlUtil,8,0,0,0,1,0,1,0,1,0
Metaschema Core API,gov.nist.secauto.metaschema.core.model.util,XmlEventUtil,395,265,78,25,101,68,64,16,18,10
Metaschema Core API,gov.nist.secauto.metaschema.core.model,XmlGroupAsBehavior,0,15,0,0,0,3,0,1,0,1
Metaschema Core API,gov.nist.secauto.metaschema.core.model,IContainerModelSupport,2,0,0,0,1,0,1,0,1,0
Metaschema Core API,gov.nist.secauto.metaschema.core.model,INamed,20,10,2,2,6,2,6,2,5,1
Metaschema Core API,gov.nist.secauto.metaschema.core.model,AbstractInstance,0,9,0,0,0,4,0,2,0,2
Metaschema Core API,gov.nist.secauto.metaschema.core.model,MetaschemaVersion,17,0,0,0,8,0,8,0,8,0
Metaschema Core API,gov.nist.secauto.metaschema.core.model,AbstractFlagInstance,65,0,0,0,14,0,6,0,6,0
Metaschema Core API,gov.nist.secauto.metaschema.core.model,JsonGroupAsBehavior,0,27,0,0,0,5,0,1,0,1
Metaschema Core API,gov.nist.secauto.metaschema.core.model,IChoiceInstance,47,0,0,0,10,0,6,0,6,0
Metaschema Core API,gov.nist.secauto.metaschema.core.model,IFeatureContainerModelAbsolute,36,4,0,0,6,1,6,1,6,1
Metaschema Core API,gov.nist.secauto.metaschema.core.model,IFieldInstanceAbsolute,12,0,4,0,1,0,3,0,1,0
Metaschema Core API,gov.nist.secauto.metaschema.core.model,IContainerModelGrouped,3,0,0,0,1,0,1,0,1,0
Metaschema Core API,gov.nist.secauto.metaschema.core.model,AbstractChoiceInstance,15,0,0,0,5,0,4,0,4,0
Metaschema Core API,gov.nist.secauto.metaschema.core.model,AbstractModuleLoader,12,89,0,6,4,20,0,6,0,3
Metaschema Core API,gov.nist.secauto.metaschema.core.model,AbstractGlobalFieldDefinition,0,9,0,0,0,2,0,1,0,1
Metaschema Core API,gov.nist.secauto.metaschema.core.model,IFieldDefinition,35,0,8,0,11,0,9,0,5,0
Metaschema Core API,gov.nist.secauto.metaschema.core.model,ModelWalker,267,0,42,0,73,0,47,0,26,0
Metaschema Core API,gov.nist.secauto.metaschema.core.model,IFeatureContainerModelGrouped,49,0,2,0,8,0,9,0,8,0
Metaschema Core API,gov.nist.secauto.metaschema.core.model,IFeatureContainerFlag,11,7,0,0,2,1,2,1,2,1
Metaschema Core API,gov.nist.secauto.metaschema.core.model,AbstractInlineAssemblyDefinition,7,8,0,0,2,3,2,2,2,2
Metaschema Core API,gov.nist.secauto.metaschema.core.model,IModelDefinition,8,0,2,0,1,0,2,0,1,0
Metaschema Core API,gov.nist.secauto.metaschema.core.model,AbstractGlobalFlagDefinition,0,9,0,0,0,2,0,1,0,1
Metaschema Core API,gov.nist.secauto.metaschema.core.model,AbstractLoader,52,83,3,5,9,18,5,7,2,6
Metaschema Core API,gov.nist.secauto.metaschema.core.model,IFeatureContainerModel,40,0,0,0,7,0,7,0,7,0
Metaschema Core API,gov.nist.secauto.metaschema.core.model,IResourceResolver,13,0,2,0,3,0,3,0,2,0
Metaschema Core API,gov.nist.secauto.metaschema.core.model,UsedDefinitionModelWalker,95,0,12,0,22,0,12,0,6,0
Metaschema Core API,gov.nist.secauto.metaschema.core.model,DefinitionCollectingModelWalker,112,0,16,0,30,0,16,0,8,0
Metaschema Core API,gov.nist.secauto.metaschema.core.model,IAssemblyDefinition,21,23,5,1,6,7,9,3,6,3
Metaschema Core API,gov.nist.secauto.metaschema.core.model,IFlag,0,2,0,0,0,1,0,1,0,1
Metaschema Core API,gov.nist.secauto.metaschema.core.model,IAttributable.Key,63,0,8,0,15,0,10,0,6,0
Metaschema Core API,gov.nist.secauto.metaschema.core.model,INamedModelInstanceGrouped,53,0,6,0,14,0,9,0,6,0
Metaschema Core API,gov.nist.secauto.metaschema.core.model,AbstractInlineFieldDefinition,7,8,0,0,2,3,2,2,2,2
Metaschema Core API,gov.nist.secauto.metaschema.core.model,AbstractModule.Exports,10,174,2,10,3,51,3,12,1,8
Metaschema Core API,gov.nist.secauto.metaschema.core.model,IModule,27,21,4,0,5,5,4,3,2,3
Metaschema Core API,gov.nist.secauto.metaschema.core.model,IContainerModel,8,0,2,0,1,0,2,0,1,0
Metaschema Core API,gov.nist.secauto.metaschema.core.model,IFeatureContainerModelAssembly,15,0,0,0,3,0,3,0,3,0
Metaschema Core API,gov.nist.secauto.metaschema.core.model,AbstractAssemblyInstance,37,13,0,0,7,5,1,2,1,2
Metaschema Core API,gov.nist.secauto.metaschema.core.model,IChoiceGroupInstance,50,0,0,0,11,0,6,0,6,0
Metaschema Core API,gov.nist.secauto.metaschema.core.model,IDescribable,6,0,0,0,2,0,2,0,2,0
Metaschema Core API,gov.nist.secauto.metaschema.core.model,IAssemblyInstance,2,0,0,0,1,0,1,0,1,0
Metaschema Core API,gov.nist.secauto.metaschema.core.model,IFlagInstance,17,0,0,0,4,0,4,0,4,0
Metaschema Core API,gov.nist.secauto.metaschema.core.model,IFeatureDefinitionReferenceInstance,48,13,9,1,14,5,10,1,5,1
Metaschema Core API,gov.nist.secauto.metaschema.core.model,IFieldInstanceGrouped,4,0,0,0,2,0,2,0,2,0
Metaschema Core API,gov.nist.secauto.metaschema.core.model,AbstractGlobalAssemblyDefinition,0,9,0,0,0,2,0,1,0,1
Metaschema Core API,gov.nist.secauto.metaschema.core.model,AbstractModule,17,104,1,3,3,22,4,13,3,12
Metaschema Core API,gov.nist.secauto.metaschema.core.model,INamedModelElement,3,0,0,0,1,0,1,0,1,0
Metaschema Core API,gov.nist.secauto.metaschema.core.model,AbstractNamedModelInstance,0,23,0,0,0,4,0,4,0,4
Metaschema Core API,gov.nist.secauto.metaschema.core.model,ModelType,3,46,0,0,1,9,1,2,1,2
Metaschema Core API,gov.nist.secauto.metaschema.core.model,IFieldInstance,2,0,0,0,1,0,1,0,1,0
Metaschema Core API,gov.nist.secauto.metaschema.core.model,IDefaultable,8,0,0,0,3,0,3,0,3,0
Metaschema Core API,gov.nist.secauto.metaschema.core.model,IValued,3,0,0,0,1,0,1,0,1,0
Metaschema Core API,gov.nist.secauto.metaschema.core.model,AbstractInlineFlagDefinition,12,15,0,0,3,3,3,3,3,3
Metaschema Core API,gov.nist.secauto.metaschema.core.model,FlagContainerBuilder,28,59,5,3,9,15,4,5,1,4
Metaschema Core API,gov.nist.secauto.metaschema.core.model,IGroupable,43,5,4,0,12,2,9,1,7,1
Metaschema Core API,gov.nist.secauto.metaschema.core.model,AbstractNamedInstance,0,40,0,0,0,6,0,5,0,5
Metaschema Core API,gov.nist.secauto.metaschema.core.model,IModuleExtended,32,74,4,12,10,18,6,12,2,8
Metaschema Core API,gov.nist.secauto.metaschema.core.model,JsonValueKeyTypeEnum,21,0,0,0,4,0,1,0,1,0
Metaschema Core API,gov.nist.secauto.metaschema.core.model,AbstractGlobalDefinition,2,47,0,0,1,9,1,7,1,7
Metaschema Core API,gov.nist.secauto.metaschema.core.model,IContainerModelAssemblySupport,2,0,0,0,1,0,1,0,1,0
Metaschema Core API,gov.nist.secauto.metaschema.core.model,IContainerFlagSupport,0,12,0,0,0,3,0,3,0,3
Metaschema Core API,gov.nist.secauto.metaschema.core.model,ModuleScopeEnum,0,15,0,0,0,3,0,1,0,1
Metaschema Core API,gov.nist.secauto.metaschema.core.model,INamedModelInstance,19,0,2,0,3,0,4,0,3,0
Metaschema Core API,gov.nist.secauto.metaschema.core.model,IFeatureValueless,2,0,0,0,1,0,1,0,1,0
Metaschema Core API,gov.nist.secauto.metaschema.core.model,INamedModelInstanceAbsolute,58,0,6,0,14,0,6,0,3,0
Metaschema Core API,gov.nist.secauto.metaschema.core.model,IAssembly,0,2,0,0,0,1,0,1,0,1
Metaschema Core API,gov.nist.secauto.metaschema.core.model,ILoader,7,0,0,0,1,0,1,0,1,0
Metaschema Core API,gov.nist.secauto.metaschema.core.model,IFeatureDefinitionInstanceInlined,61,5,0,0,14,2,8,2,8,2
Metaschema Core API,gov.nist.secauto.metaschema.core.model,AbstractFieldInstance,37,13,0,0,7,5,1,2,1,2
Metaschema Core API,gov.nist.secauto.metaschema.core.model,IDefinition,58,3,4,0,11,1,7,1,5,1
Metaschema Core API,gov.nist.secauto.metaschema.core.model,MetaschemaException,20,0,0,0,8,0,4,0,4,0
Metaschema Core API,gov.nist.secauto.metaschema.core.model,IField,0,2,0,0,0,1,0,1,0,1
Metaschema Core API,gov.nist.secauto.metaschema.core.model,AbstractChoiceGroupInstance,13,0,0,0,4,0,3,0,3,0
Metaschema Core API,gov.nist.secauto.metaschema.core.model,IAttributable,46,3,6,0,10,1,9,1,6,1
Metaschema Core API,gov.nist.secauto.metaschema.core.model.xml.impl,XmlFlagInstance,112,0,16,0,23,0,19,0,11,0
Metaschema Core API,gov.nist.secauto.metaschema.core.model.xml.impl,ConstraintXmlSupport.XmlbeanGeneratingVisitor,522,0,84,0,140,0,53,0,11,0
Metaschema Core API,gov.nist.secauto.metaschema.core.model.xml.impl,XmlChoiceGroupInstance.new XmlObjectParser() {...},51,0,8,0,11,0,10,0,6,0
Metaschema Core API,gov.nist.secauto.metaschema.core.model.xml.impl,XmlAssemblyModelContainer.new XmlObjectParser() {...},25,46,5,7,5,10,5,9,2,6
Metaschema Core API,gov.nist.secauto.metaschema.core.model.xml.impl,XmlbeansMarkupVisitor,40,67,0,0,12,20,3,5,3,5
Metaschema Core API,gov.nist.secauto.metaschema.core.model.xml.impl,XmlInlineFieldDefinition,176,44,23,1,29,10,30,5,18,5
Metaschema Core API,gov.nist.secauto.metaschema.core.model.xml.impl,XmlObjectParser,91,159,9,5,25,45,9,11,3,10
Metaschema Core API,gov.nist.secauto.metaschema.core.model.xml.impl,XmlModule,59,133,2,0,11,26,10,16,9,16
Metaschema Core API,gov.nist.secauto.metaschema.core.model.xml.impl,XmlChoiceGroupInstance.XmlModelContainer,42,0,0,0,11,0,3,0,3,0
Metaschema Core API,gov.nist.secauto.metaschema.core.model.xml.impl,XmlAssemblyModelContainer,94,207,5,1,21,39,6,9,3,9
Metaschema Core API,gov.nist.secauto.metaschema.core.model.xml.impl,XmlInlineAssemblyDefinition,106,56,12,0,18,11,18,7,12,7
Metaschema Core API,gov.nist.secauto.metaschema.core.model.xml.impl,XmlGlobalFlagDefinition,79,85,15,7,12,19,16,10,7,8
Metaschema Core API,gov.nist.secauto.metaschema.core.model.xml.impl,ModelFactory,317,175,31,15,62,42,34,13,13,11
Metaschema Core API,gov.nist.secauto.metaschema.core.model.xml.impl,XmlFlagContainerSupport,117,139,23,13,29,32,19,9,3,7
Metaschema Core API,gov.nist.secauto.metaschema.core.model.xml.impl,XmlModelParser,65,0,16,0,20,0,12,0,4,0
Metaschema Core API,gov.nist.secauto.metaschema.core.model.xml.impl,XmlGroupedAssemblyInstance,93,0,12,0,21,0,16,0,10,0
Metaschema Core API,gov.nist.secauto.metaschema.core.model.xml.impl,MarkupStringConverter,24,36,0,0,7,10,2,2,2,2
Metaschema Core API,gov.nist.secauto.metaschema.core.model.xml.impl,XmlInlineFlagDefinition,75,59,12,4,10,14,14,7,7,6
Metaschema Core API,gov.nist.secauto.metaschema.core.model.xml.impl,XmlChoiceGroupInstance,211,0,4,0,40,0,20,0,18,0
Metaschema Core API,gov.nist.secauto.metaschema.core.model.xml.impl,IXmlObjectBinding,4,0,0,0,1,0,1,0,1,0
Metaschema Core API,gov.nist.secauto.metaschema.core.model.xml.impl,ConstraintXmlSupport,191,280,7,1,48,51,13,9,9,9
Metaschema Core API,gov.nist.secauto.metaschema.core.model.xml.impl,DefaultGroupedModelContainerSupport,147,0,14,0,37,0,15,0,8,0
Metaschema Core API,gov.nist.secauto.metaschema.core.model.xml.impl,XmlFieldInstance,113,28,14,2,20,8,20,4,12,4
Metaschema Core API,gov.nist.secauto.metaschema.core.model.xml.impl,XmlChoiceInstance,159,0,0,0,29,0,10,0,10,0
Metaschema Core API,gov.nist.secauto.metaschema.core.model.xml.impl,XmlModule.Definitions,40,197,4,18,8,56,6,15,2,8
Metaschema Core API,gov.nist.secauto.metaschema.core.model.xml.impl,XmlGroupedFieldInstance,93,0,12,0,21,0,16,0,10,0
Metaschema Core API,gov.nist.secauto.metaschema.core.model.xml.impl,XmlBeansLocation,40,0,2,0,10,0,7,0,6,0
Metaschema Core API,gov.nist.secauto.metaschema.core.model.xml.impl,XmlGroupedInlineFieldDefinition,186,0,20,0,35,0,27,0,17,0
Metaschema Core API,gov.nist.secauto.metaschema.core.model.xml.impl,DefaultContainerModelAssemblySupport,83,45,10,0,21,13,8,3,3,3
Metaschema Core API,gov.nist.secauto.metaschema.core.model.xml.impl,XmlAssemblyInstance,105,21,15,1,20,7,18,5,10,5
Metaschema Core API,gov.nist.secauto.metaschema.core.model.xml.impl,XmlGlobalAssemblyDefinition,93,122,18,6,19,21,18,15,8,13
Metaschema Core API,gov.nist.secauto.metaschema.core.model.xml.impl,XmlChoiceInstance.XmlModelContainer,52,0,0,0,13,0,3,0,3,0
Metaschema Core API,gov.nist.secauto.metaschema.core.model.xml.impl,XmlGlobalFieldDefinition,164,63,26,4,29,13,27,8,13,7
Metaschema Core API,gov.nist.secauto.metaschema.core.model.xml.impl,ConstraintXmlSupport.new XmlObjectParser() {...},35,16,7,1,7,4,7,3,3,3
Metaschema Core API,gov.nist.secauto.metaschema.core.model.xml.impl,ConstraintXmlSupport.new XmlObjectParser() {...},42,39,8,6,8,9,9,7,4,5
Metaschema Core API,gov.nist.secauto.metaschema.core.model.xml.impl,ConstraintXmlSupport.new XmlObjectParser() {...},47,4,8,0,10,1,9,1,5,1
Metaschema Core API,gov.nist.secauto.metaschema.core.model.xml.impl,XmlChoiceInstance.new XmlObjectParser() {...},51,0,8,0,11,0,10,0,6,0
Metaschema Core API,gov.nist.secauto.metaschema.core.model.xml.impl,XmlGroupedInlineAssemblyDefinition,148,0,10,0,28,0,20,0,15,0
Metaschema Core API,gov.nist.secauto.metaschema.core.model.xml.impl,XmlFlagContainerSupport.new XmlObjectParser() {...},12,19,2,2,2,5,3,3,1,3
Metaschema Core API,gov.nist.secauto.metaschema.core.model.xml.impl,DefaultContainerModelSupport,185,36,20,0,36,15,12,6,2,6
Metaschema Core API,gov.nist.secauto.metaschema.core.datatype.markup,AbstractMarkupString,90,147,8,6,19,42,13,11,7,10
Metaschema Core API,gov.nist.secauto.metaschema.core.datatype.markup,MarkupLineAdapter,35,17,0,0,11,5,6,3,6,3
Metaschema Core API,gov.nist.secauto.metaschema.core.datatype.markup,AbstractMarkupAdapter,44,4,0,0,16,2,5,1,5,1
Metaschema Core API,gov.nist.secauto.metaschema.core.datatype.markup,MarkupDataTypeProvider,0,18,0,0,0,6,0,2,0,2
Metaschema Core API,gov.nist.secauto.metaschema.core.datatype.markup,MarkupLine,11,85,2,2,2,20,3,7,1,7
Metaschema Core API,gov.nist.secauto.metaschema.core.datatype.markup,AbstractMarkupString.new NodeVisitor() {...},0,42,1,9,0,8,1,7,0,3
Metaschema Core API,gov.nist.secauto.metaschema.core.datatype.markup,MarkupMultiline,6,29,0,0,1,11,1,6,1,6
Metaschema Core API,gov.nist.secauto.metaschema.core.datatype.markup,MarkupMultilineAdapter,36,20,0,0,12,6,7,4,7,4
Metaschema Core API,gov.nist.secauto.metaschema.core.datatype.markup,IMarkupString,6,0,0,0,1,0,2,0,2,0
Metaschema Core API,gov.nist.secauto.metaschema.core.datatype.markup.flexmark,SuppressPTagExtension.PTagNodeRenderer.Factory,0,7,0,0,0,2,0,2,0,2
Metaschema Core API,gov.nist.secauto.metaschema.core.datatype.markup.flexmark,InsertAnchorExtension.InsertAnchorFormatter,1,52,2,2,1,13,2,4,0,4
Metaschema Core API,gov.nist.secauto.metaschema.core.datatype.markup.flexmark,SuppressPTagExtension,0,15,0,0,0,5,0,4,0,4
Metaschema Core API,gov.nist.secauto.metaschema.core.datatype.markup.flexmark,HtmlQuoteTagExtension.DoubleQuoteNode,0,32,0,2,0,7,0,2,0,1
Metaschema Core API,gov.nist.secauto.metaschema.core.datatype.markup.flexmark,HtmlCodeRenderExtension.CodeNodeHtmlRenderer.Factory,0,8,0,0,0,2,0,2,0,2
Metaschema Core API,gov.nist.secauto.metaschema.core.datatype.markup.flexmark,InsertAnchorExtension.InsertAnchorNodeRenderer,0,37,1,1,0,7,1,3,0,3
Metaschema Core API,gov.nist.secauto.metaschema.core.datatype.markup.flexmark,InsertAnchorExtension.InsertAnchorHtmlNodeRenderer.Factory,0,8,0,0,0,2,0,2,0,2
Metaschema Core API,gov.nist.secauto.metaschema.core.datatype.markup.flexmark,InsertAnchorExtension.InsertAnchorNode,26,26,0,0,6,9,3,4,3,4
Metaschema Core API,gov.nist.secauto.metaschema.core.datatype.markup.flexmark,HtmlCodeRenderExtension,0,19,0,0,0,6,0,5,0,5
Metaschema Core API,gov.nist.secauto.metaschema.core.datatype.markup.flexmark,IMarkupWriter,0,7,0,0,0,2,0,1,0,1
Metaschema Core API,gov.nist.secauto.metaschema.core.datatype.markup.flexmark,HtmlQuoteTagExtension,0,30,0,0,0,10,0,7,0,7
Metaschema Core API,gov.nist.secauto.metaschema.core.datatype.markup.flexmark,HtmlCodeRenderExtension.CodeNodeHtmlRenderer,54,87,12,12,8,17,9,6,0,3
Metaschema Core API,gov.nist.secauto.metaschema.core.datatype.markup.flexmark,HtmlQuoteTagExtension.QTagNodeRenderer,0,24,0,0,0,6,0,3,0,3
Metaschema Core API,gov.nist.secauto.metaschema.core.datatype.markup.flexmark,HtmlQuoteTagExtension.QuoteReplacingPostProcessor,0,31,2,2,0,10,2,2,0,2
Metaschema Core API,gov.nist.secauto.metaschema.core.datatype.markup.flexmark,InsertAnchorExtension.InsertAnchorNodeRenderer.Factory,0,8,0,0,0,2,0,2,0,2
Metaschema Core API,gov.nist.secauto.metaschema.core.datatype.markup.flexmark,InsertAnchorExtension.InsertAnchorHtmlNodeRenderer,1,52,1,1,1,13,1,3,0,3
Metaschema Core API,gov.nist.secauto.metaschema.core.datatype.markup.flexmark,AstCollectingVisitor,4,78,1,3,0,22,1,7,0,6
Metaschema Core API,gov.nist.secauto.metaschema.core.datatype.markup.flexmark,InsertAnchorExtension.InsertAnchorFormatter.Factory,0,8,0,0,0,2,0,2,0,2
Metaschema Core API,gov.nist.secauto.metaschema.core.datatype.markup.flexmark,InsertAnchorExtension.InsertAnchorInlineParser,8,57,3,5,0,16,3,6,0,5
Metaschema Core API,gov.nist.secauto.metaschema.core.datatype.markup.flexmark,HtmlQuoteTagExtension.QTagHtmlNodeRenderer,0,23,0,2,0,4,0,4,0,3
Metaschema Core API,gov.nist.secauto.metaschema.core.datatype.markup.flexmark,HtmlQuoteTagExtension.QTagHtmlNodeRenderer.Factory,0,7,0,0,0,2,0,2,0,2
Metaschema Core API,gov.nist.secauto.metaschema.core.datatype.markup.flexmark,MarkupXmlStreamWriter,6,87,0,4,2,20,1,8,1,6
Metaschema Core API,gov.nist.secauto.metaschema.core.datatype.markup.flexmark,InsertAnchorExtension.InsertVisitor,42,0,4,0,14,0,6,0,4,0
Metaschema Core API,gov.nist.secauto.metaschema.core.datatype.markup.flexmark,HtmlQuoteTagExtension.QTagNodeRenderer.Factory,0,7,0,0,0,2,0,2,0,2
Metaschema Core API,gov.nist.secauto.metaschema.core.datatype.markup.flexmark,InsertAnchorExtension,0,58,1,1,0,16,1,9,0,9
Metaschema Core API,gov.nist.secauto.metaschema.core.datatype.markup.flexmark,InsertAnchorExtension.InsertAnchorInlineParser.Factory,6,10,0,0,3,3,3,3,3,3
Metaschema Core API,gov.nist.secauto.metaschema.core.datatype.markup.flexmark,HtmlQuoteTagExtension.QuoteReplacingPostProcessor.Factory,0,17,0,0,0,4,0,2,0,2
Metaschema Core API,gov.nist.secauto.metaschema.core.datatype.markup.flexmark,FixedEmphasisDelimiterProcessor,2,97,2,18,0,16,2,11,0,3
Metaschema Core API,gov.nist.secauto.metaschema.core.datatype.markup.flexmark,XmlMarkupParser,53,269,16,22,8,60,15,11,1,6
Metaschema Core API,gov.nist.secauto.metaschema.core.datatype.markup.flexmark,InsertAnchorExtension.InsertAnchorOptions,0,17,0,0,0,4,0,1,0,1
Metaschema Core API,gov.nist.secauto.metaschema.core.datatype.markup.flexmark,MarkupVisitor,77,326,12,66,12,82,12,35,0,8
Metaschema Core API,gov.nist.secauto.metaschema.core.datatype.markup.flexmark,SuppressPTagExtension.PTagNodeRenderer,0,15,0,0,0,4,0,3,0,3
Metaschema Core API,gov.nist.secauto.metaschema.core.datatype.markup.flexmark,FlexmarkFactory,0,67,0,0,0,19,0,10,0,10
Metaschema Core API,gov.nist.secauto.metaschema.core.datatype.markup.flexmark,MarkupXmlEventWriter,144,0,6,0,30,0,13,0,10,0
Metaschema Core API,gov.nist.secauto.metaschema.core.datatype.markup.flexmark,FlexmarkConfiguration,2,218,1,1,0,48,1,3,0,3
Metaschema Core API,gov.nist.secauto.metaschema.core.model.xml,XmlMetaConstraintLoader,57,125,1,1,11,29,5,5,4,5
Metaschema Core API,gov.nist.secauto.metaschema.core.model.xml,XmlConstraintLoader.new XmlObjectParser() {...},34,16,5,1,5,4,5,3,2,3
Metaschema Core API,gov.nist.secauto.metaschema.core.model.xml,ModuleLoader.new EntityResolver() {...},0,30,1,1,0,6,1,2,0,2
Metaschema Core API,gov.nist.secauto.metaschema.core.model.xml,ModuleLoader.new EntityResolver() {...},2,6,0,0,1,1,1,1,1,1
Metaschema Core API,gov.nist.secauto.metaschema.core.model.xml,ExternalConstraintsModulePostProcessor,18,123,5,9,3,32,4,9,0,6
Metaschema Core API,gov.nist.secauto.metaschema.core.model.xml,XmlMetaConstraintLoader.MetaTargetedContraints,36,42,0,0,9,9,3,3,3,3
Metaschema Core API,gov.nist.secauto.metaschema.core.model.xml,XmlMetaConstraintLoader.Context,4,47,0,0,0,14,1,5,1,5
Metaschema Core API,gov.nist.secauto.metaschema.core.model.xml,XmlConstraintLoader,148,193,6,4,32,42,7,7,3,6
Metaschema Core API,gov.nist.secauto.metaschema.core.model.xml,ModuleLoader,12,108,0,2,4,29,0,8,0,7
Metaschema Core API,gov.nist.secauto.metaschema.core.model.xml,XmlMetaConstraintLoader.MetaConstraintSet,0,11,0,0,0,5,0,3,0,3
Metaschema Core API,gov.nist.secauto.metaschema.core.metapath.cst,Negate,10,27,1,1,3,8,4,2,3,2
Metaschema Core API,gov.nist.secauto.metaschema.core.metapath.cst,Quantified,14,156,4,10,2,37,7,11,3,8
Metaschema Core API,gov.nist.secauto.metaschema.core.metapath.cst,AbstractUnaryExpression,4,12,0,0,1,4,1,2,1,2
Metaschema Core API,gov.nist.secauto.metaschema.core.metapath.cst,AbstractNamedInstanceExpression,4,9,0,0,1,4,1,2,1,2
Metaschema Core API,gov.nist.secauto.metaschema.core.metapath.cst,IExpression,0,16,0,0,0,3,0,3,0,3
Metaschema Core API,gov.nist.secauto.metaschema.core.metapath.cst,Except,27,0,2,0,5,0,5,0,4,0
Metaschema Core API,gov.nist.secauto.metaschema.core.metapath.cst,For,31,60,0,2,4,15,3,5,3,4
Metaschema Core API,gov.nist.secauto.metaschema.core.metapath.cst,SimpleMap,5,33,0,0,1,7,1,3,1,3
Metaschema Core API,gov.nist.secauto.metaschema.core.metapath.cst,BuildCSTVisitor,555,1254,85,96,94,309,79,87,6,57
Metaschema Core API,gov.nist.secauto.metaschema.core.metapath.cst,StringLiteral,5,45,2,4,1,13,3,6,1,5
Metaschema Core API,gov.nist.secauto.metaschema.core.metapath.cst,MapConstructor,19,51,1,1,3,15,2,4,1,4
Metaschema Core API,gov.nist.secauto.metaschema.core.metapath.cst,AbstractLiteralExpression,0,26,0,0,0,5,0,3,0,3
Metaschema Core API,gov.nist.secauto.metaschema.core.metapath.cst,Union,5,37,0,0,1,11,1,4,1,4
Metaschema Core API,gov.nist.secauto.metaschema.core.metapath.cst,Quantified.Quantifier,0,15,0,0,0,3,0,1,0,1
Metaschema Core API,gov.nist.secauto.metaschema.core.metapath.cst,IntegerLiteral,0,17,0,0,0,5,0,4,0,4
Metaschema Core API,gov.nist.secauto.metaschema.core.metapath.cst,AbstractExpressionVisitor,201,77,2,4,43,18,44,12,42,11
Metaschema Core API,gov.nist.secauto.metaschema.core.metapath.cst,AbstractNAryExpression,0,11,0,0,0,4,0,2,0,2
Metaschema Core API,gov.nist.secauto.metaschema.core.metapath.cst,PostfixLookup,13,42,1,1,2,12,3,5,2,5
Metaschema Core API,gov.nist.secauto.metaschema.core.metapath.cst,ArraySquareConstructor,5,28,0,0,1,8,1,4,1,4
Metaschema Core API,gov.nist.secauto.metaschema.core.metapath.cst,Let,11,34,0,0,3,9,2,4,2,4
Metaschema Core API,gov.nist.secauto.metaschema.core.metapath.cst,DecimalLiteral,7,10,0,0,2,3,2,2,2,2
Metaschema Core API,gov.nist.secauto.metaschema.core.metapath.cst,Quantified.CartesianProductIterator,24,81,4,6,5,18,5,6,1,5
Metaschema Core API,gov.nist.secauto.metaschema.core.metapath.cst,Metapath,0,38,0,0,0,10,0,5,0,5
Metaschema Core API,gov.nist.secauto.metaschema.core.metapath.cst,CSTPrinter.CSTPrinterVisitor,420,127,2,2,42,25,44,11,42,11
Metaschema Core API,gov.nist.secauto.metaschema.core.metapath.cst,ArraySequenceConstructor,15,22,1,1,5,8,5,2,4,2
Metaschema Core API,gov.nist.secauto.metaschema.core.metapath.cst,And,5,33,0,4,1,10,1,4,1,2
Metaschema Core API,gov.nist.secauto.metaschema.core.metapath.cst,AbstractExpression,3,9,0,0,1,2,1,2,1,2
Metaschema Core API,gov.nist.secauto.metaschema.core.metapath.cst,UnaryLookup,11,30,1,1,2,9,3,4,2,4
Metaschema Core API,gov.nist.secauto.metaschema.core.metapath.cst,Let.VariableDeclaration,0,31,0,0,0,10,0,4,0,4
Metaschema Core API,gov.nist.secauto.metaschema.core.metapath.cst,EmptySequence,7,9,0,0,2,3,2,3,2,3
Metaschema Core API,gov.nist.secauto.metaschema.core.metapath.cst,PredicateExpression,35,97,1,7,8,24,4,10,3,7
Metaschema Core API,gov.nist.secauto.metaschema.core.metapath.cst,Or,5,38,0,4,1,12,1,5,1,3
Metaschema Core API,gov.nist.secauto.metaschema.core.metapath.cst,Intersect,23,0,0,0,6,0,3,0,3,0
Metaschema Core API,gov.nist.secauto.metaschema.core.metapath.cst,CSTPrinter.State,0,54,0,4,0,13,0,6,0,4
Metaschema Core API,gov.nist.secauto.metaschema.core.metapath.cst,AbstractBinaryExpression,0,25,0,0,0,7,0,4,0,4
Metaschema Core API,gov.nist.secauto.metaschema.core.metapath.cst,IBooleanLogicExpression,5,0,0,0,2,0,2,0,2,0
Metaschema Core API,gov.nist.secauto.metaschema.core.metapath.cst,AbstractLookup,0,9,0,0,0,4,0,2,0,2
Metaschema Core API,gov.nist.secauto.metaschema.core.metapath.cst,If,15,48,0,2,2,14,2,6,2,5
Metaschema Core API,gov.nist.secauto.metaschema.core.metapath.cst,ILiteralExpression,2,3,0,0,1,1,1,1,1,1
Metaschema Core API,gov.nist.secauto.metaschema.core.metapath.cst,VariableReference,0,37,0,0,0,8,0,6,0,6
Metaschema Core API,gov.nist.secauto.metaschema.core.metapath.cst,AbstractFilterExpression,35,0,0,0,8,0,3,0,3,0
Metaschema Core API,gov.nist.secauto.metaschema.core.metapath.cst,MapConstructor.Entry,16,15,0,0,3,6,3,3,3,3
Metaschema Core API,gov.nist.secauto.metaschema.core.metapath.cst,FunctionCallAccessor,19,62,3,5,3,16,5,5,2,4
Metaschema Core API,gov.nist.secauto.metaschema.core.metapath.cst,Range,5,86,0,12,1,16,1,9,1,3
Metaschema Core API,gov.nist.secauto.metaschema.core.metapath.cst,StaticFunctionCall,24,77,1,3,3,18,3,7,2,6
Metaschema Core API,gov.nist.secauto.metaschema.core.metapath.cst,CSTPrinter,0,6,0,0,0,1,0,1,0,1
Metaschema Core API,gov.nist.secauto.metaschema.core.metapath.cst,Quantified.CartesianProduct,4,53,2,4,1,11,2,3,0,2
Metaschema Core API,gov.nist.secauto.metaschema.core.metapath.cst,AbstractCSTVisitorBase,136,191,21,13,30,40,15,11,1,8
Metaschema Core API,gov.nist.secauto.metaschema.core.metapath.cst,StringConcat,10,44,0,2,3,11,3,4,3,3
Metaschema Core API,gov.nist.secauto.metaschema.core.metapath.cst,ExpressionUtils,19,144,8,20,2,44,8,11,0,5
Metaschema Core API,gov.nist.secauto.metaschema.core.metapath.cst,AbstractCSTVisitorBase.ITriFunction,15,0,0,0,2,0,2,0,2,0
Metaschema Core API,gov.nist.secauto.metaschema.core.metapath.cst.comparison,GeneralComparison,0,32,0,0,0,6,0,3,0,3
Metaschema Core API,gov.nist.secauto.metaschema.core.metapath.cst.comparison,ValueComparison,8,42,2,2,2,9,3,3,1,3
Metaschema Core API,gov.nist.secauto.metaschema.core.metapath.cst.comparison,AbstractComparison,0,30,0,0,0,5,0,3,0,3
Metaschema Core API,gov.nist.secauto.metaschema.core.metapath,MetapathExpression.ResultType,0,39,0,0,0,7,0,1,0,1
Metaschema Core API,gov.nist.secauto.metaschema.core.metapath,IDocumentLoader,21,0,0,0,3,0,3,0,3,0
Metaschema Core API,gov.nist.secauto.metaschema.core.metapath,StaticContext.Builder,0,90,0,0,0,22,0,10,0,10
Metaschema Core API,gov.nist.secauto.metaschema.core.metapath,MetapathExpression.new DefaultErrorStrategy() {...},0,4,0,0,0,2,0,2,0,2
Metaschema Core API,gov.nist.secauto.metaschema.core.metapath,ISequence.new Collector() {...},6,18,0,0,2,6,1,7,1,7
Metaschema Core API,gov.nist.secauto.metaschema.core.metapath,TypeMetapathException,13,5,0,0,5,2,3,1,3,1
Metaschema Core API,gov.nist.secauto.metaschema.core.metapath,MetapathEvaluationFeature,0,15,0,0,0,4,0,2,0,2
Metaschema Core API,gov.nist.secauto.metaschema.core.metapath,DynamicMetapathException,18,0,0,0,7,0,4,0,4,0
Metaschema Core API,gov.nist.secauto.metaschema.core.metapath,AbstractCodedMetapathException,38,18,0,0,5,7,3,3,3,3
Metaschema Core API,gov.nist.secauto.metaschema.core.metapath,DynamicContext.CachingLoader,47,0,2,0,11,0,6,0,5,0
Metaschema Core API,gov.nist.secauto.metaschema.core.metapath,DynamicContext,77,91,6,2,14,25,10,12,6,12
Metaschema Core API,gov.nist.secauto.metaschema.core.metapath,ISequence,254,173,4,13,16,33,12,24,10,17
Metaschema Core API,gov.nist.secauto.metaschema.core.metapath,EQNameUtils,39,65,3,5,8,15,4,6,2,4
Metaschema Core API,gov.nist.secauto.metaschema.core.metapath,MetapathExpression,118,193,9,7,22,49,9,16,2,13
Metaschema Core API,gov.nist.secauto.metaschema.core.metapath,MetapathException,7,9,0,0,4,4,2,2,2,2
Metaschema Core API,gov.nist.secauto.metaschema.core.metapath,DynamicContext.CachingLoader.ContextUriResolver,36,0,4,0,7,0,4,0,2,0
Metaschema Core API,gov.nist.secauto.metaschema.core.metapath,MetapathConstants,0,36,0,0,0,13,0,1,0,1
Metaschema Core API,gov.nist.secauto.metaschema.core.metapath,StaticMetapathException,12,6,0,0,5,2,3,1,3,1
Metaschema Core API,gov.nist.secauto.metaschema.core.metapath,ICollectionValue,3,10,1,1,1,2,1,1,0,1
Metaschema Core API,gov.nist.secauto.metaschema.core.metapath,DynamicContext.SharedState,0,40,0,0,0,10,0,1,0,1
Metaschema Core API,gov.nist.secauto.metaschema.core.metapath,StaticContext,34,210,5,19,9,53,8,28,4,20
Metaschema Core API,gov.nist.secauto.metaschema.core.metapath,InvalidTypeMetapathException,47,8,0,0,10,3,4,1,4,1
Metaschema Core API,gov.nist.secauto.metaschema.core.util,ObjectUtils,23,16,5,3,4,8,6,5,2,5
Metaschema Core API,gov.nist.secauto.metaschema.core.util,CollectionUtil,112,39,14,0,25,10,19,11,12,11
Metaschema Core API,gov.nist.secauto.metaschema.core.util,ReplacementScanner,0,42,1,3,0,10,1,2,0,1
Metaschema Core API,gov.nist.secauto.metaschema.core.util,UriUtils,19,201,15,31,6,38,13,15,0,5
Metaschema Core API,gov.nist.secauto.metaschema.core.util,CustomCollectors,85,70,4,4,20,17,12,8,9,7
Metaschema Core API,gov.nist.secauto.metaschema.core.util,AutoCloser,24,0,0,0,8,0,4,0,4,0
Metaschema Core API,gov.nist.secauto.metaschema.core.configuration,DefaultConfiguration,70,53,3,1,18,15,6,6,4,6
Metaschema Core API,gov.nist.secauto.metaschema.core.configuration,IMutableConfiguration,12,0,0,0,2,0,2,0,2,0
Metaschema Core API,gov.nist.secauto.metaschema.core.configuration,AbstractConfigurationFeature,19,18,0,0,7,7,2,3,2,3
Metaschema Core API,gov.nist.secauto.metaschema.core.configuration,IConfiguration,0,12,0,2,0,4,0,2,0,1
Metaschema Core API,gov.nist.secauto.metaschema.core.model.constraint.impl,ConstraintComposingVisitor,24,16,0,0,6,5,4,3,4,3
Metaschema Core API,gov.nist.secauto.metaschema.core.model.constraint.impl,AbstractKeyConstraint,25,0,2,0,6,0,3,0,2,0
Metaschema Core API,gov.nist.secauto.metaschema.core.model.constraint.impl,ExternalSource,13,35,0,0,4,10,4,4,4,4
Metaschema Core API,gov.nist.secauto.metaschema.core.model.constraint.impl,InternalModelSource,14,34,0,0,4,9,4,4,4,4
Metaschema Core API,gov.nist.secauto.metaschema.core.model.constraint.impl,DefaultIndexConstraint,26,0,2,0,6,0,3,0,2,0
Metaschema Core API,gov.nist.secauto.metaschema.core.model.constraint.impl,DefaultIndexHasKeyConstraint,26,0,2,0,6,0,3,0,2,0
Metaschema Core API,gov.nist.secauto.metaschema.core.model.constraint.impl,DefaultMatchesConstraint,8,24,2,2,2,6,3,2,1,2
Metaschema Core API,gov.nist.secauto.metaschema.core.model.constraint.impl,AbstractConstraint,39,63,3,1,13,16,9,5,7,5
Metaschema Core API,gov.nist.secauto.metaschema.core.model.constraint.impl,DefaultIndex,49,0,4,0,12,0,6,0,4,0
Metaschema Core API,gov.nist.secauto.metaschema.core.model.constraint.impl,DefaultAllowedValue,6,15,0,0,2,6,2,2,2,2
Metaschema Core API,gov.nist.secauto.metaschema.core.model.constraint.impl,DefaultLet,21,0,0,0,8,0,4,0,4,0
Metaschema Core API,gov.nist.secauto.metaschema.core.model.constraint.impl,DefaultExpectConstraint,65,26,4,0,17,7,8,2,6,2
Metaschema Core API,gov.nist.secauto.metaschema.core.model.constraint.impl,DefaultKeyField,54,0,2,0,15,0,7,0,6,0
Metaschema Core API,gov.nist.secauto.metaschema.core.model.constraint.impl,DefaultUniqueConstraint,12,0,0,0,2,0,1,0,1,0
Metaschema Core API,gov.nist.secauto.metaschema.core.model.constraint.impl,DefaultCardinalityConstraint,32,0,4,0,8,0,5,0,3,0
Metaschema Core API,gov.nist.secauto.metaschema.core.model.constraint.impl,AbstractDefinitionTargetedConstraints,84,38,0,0,15,7,3,2,3,2
Metaschema Core API,gov.nist.secauto.metaschema.core.model.constraint.impl,DefaultAllowedValuesConstraint,0,29,0,0,0,8,0,4,0,4
