GROUP,PACKAGE,CLASS,INSTRUCTION_MISSED,INSTRUCTION_COVERED,BRANCH_MISSED,BRANCH_COVERED,LINE_MISSED,LINE_COVERED,COMPLEXITY_MISSED,COMPLEXITY_COVERED,METHOD_MISSED,METHOD_COVERED
Metaschema Java Data Binding and Code Generation,gov.nist.secauto.metaschema.databind.codegen.typeinfo,FieldValueTypeInfoImpl,13,83,2,6,1,18,2,6,0,4
Metaschema Java Data Binding and Code Generation,gov.nist.secauto.metaschema.databind.codegen.typeinfo,AbstractInstanceTypeInfo,0,10,0,0,0,4,0,2,0,2
Metaschema Java Data Binding and Code Generation,gov.nist.secauto.metaschema.databind.codegen.typeinfo,DefaultMetaschemaClassFactory,126,1237,11,51,20,241,10,36,0,15
Metaschema Java Data Binding and Code Generation,gov.nist.secauto.metaschema.databind.codegen.typeinfo,INamedInstanceTypeInfo,0,18,0,2,0,4,0,2,0,1
Metaschema Java Data Binding and Code Generation,gov.nist.secauto.metaschema.databind.codegen.typeinfo,FlagInstanceTypeInfoImpl,20,183,4,16,2,37,3,11,0,4
Metaschema Java Data Binding and Code Generation,gov.nist.secauto.metaschema.databind.codegen.typeinfo,IPropertyTypeInfo,0,1,0,0,0,1,0,1,0,1
Metaschema Java Data Binding and Code Generation,gov.nist.secauto.metaschema.databind.codegen.typeinfo,IFlagInstanceTypeInfo,6,0,0,0,1,0,1,0,1,0
Metaschema Java Data Binding and Code Generation,gov.nist.secauto.metaschema.databind.codegen.typeinfo,AbstractModelInstanceTypeInfo,27,176,4,12,3,37,4,10,0,6
Metaschema Java Data Binding and Code Generation,gov.nist.secauto.metaschema.databind.codegen.typeinfo,AbstractTypeInfo,0,57,1,3,0,14,1,5,0,4
Metaschema Java Data Binding and Code Generation,gov.nist.secauto.metaschema.databind.codegen.typeinfo,AbstractGroupedNamedModelInstanceTypeInfo,42,78,1,3,9,21,1,5,0,4
Metaschema Java Data Binding and Code Generation,gov.nist.secauto.metaschema.databind.codegen.typeinfo,GroupedAssemblyInstanceTypeInfo,0,20,0,0,0,5,0,3,0,3
Metaschema Java Data Binding and Code Generation,gov.nist.secauto.metaschema.databind.codegen.typeinfo,TypeInfoUtils,11,68,1,7,1,13,1,4,0,1
Metaschema Java Data Binding and Code Generation,gov.nist.secauto.metaschema.databind.codegen.typeinfo,GroupedFieldInstanceTypeInfo,20,0,0,0,5,0,3,0,3,0
Metaschema Java Data Binding and Code Generation,gov.nist.secauto.metaschema.databind.codegen.typeinfo,INamedModelInstanceTypeInfo,0,5,0,0,0,2,0,1,0,1
Metaschema Java Data Binding and Code Generation,gov.nist.secauto.metaschema.databind.codegen.typeinfo,FieldInstanceTypeInfoImpl,0,110,0,10,0,23,0,9,0,4
Metaschema Java Data Binding and Code Generation,gov.nist.secauto.metaschema.databind.codegen.typeinfo,IFieldValueTypeInfo,0,5,0,0,0,1,0,1,0,1
Metaschema Java Data Binding and Code Generation,gov.nist.secauto.metaschema.databind.codegen.typeinfo,AssemblyInstanceTypeInfoImpl,0,10,0,0,0,3,0,2,0,2
Metaschema Java Data Binding and Code Generation,gov.nist.secauto.metaschema.databind.codegen.typeinfo,ChoiceGroupTypeInfoImpl,31,184,9,13,2,39,8,8,0,5
Metaschema Java Data Binding and Code Generation,gov.nist.secauto.metaschema.databind.codegen.typeinfo,AbstractNamedModelInstanceTypeInfo,26,535,5,25,4,92,5,17,0,7
Metaschema Java Data Binding and Code Generation,gov.nist.secauto.metaschema.databind.codegen.typeinfo,ITypeInfo,6,0,0,0,2,0,2,0,2,0
Metaschema Java Data Binding and Code Generation,gov.nist.secauto.metaschema.databind.codegen.typeinfo,IMetaschemaClassFactory,0,3,0,0,0,1,0,1,0,1
Metaschema Java Data Binding and Code Generation,gov.nist.secauto.metaschema.databind.codegen.typeinfo,DefaultTypeResolver,71,411,11,17,11,92,11,31,1,27
Metaschema Java Data Binding and Code Generation,gov.nist.secauto.metaschema.databind.codegen.typeinfo,ITypeResolver,7,35,1,3,1,7,1,4,0,3
Metaschema Java Data Binding and Code Generation,gov.nist.secauto.metaschema.databind.codegen.typeinfo,AbstractPropertyTypeInfo,12,130,3,3,0,30,3,5,0,5
Metaschema Java Data Binding and Code Generation,gov.nist.secauto.metaschema.databind.metapath.function,Model,90,0,12,0,34,0,9,0,3,0
Metaschema Java Data Binding and Code Generation,gov.nist.secauto.metaschema.databind.metapath.function,DatabindFunctionLibrary,6,0,0,0,3,0,1,0,1,0
Metaschema Java Data Binding and Code Generation,gov.nist.secauto.metaschema.databind,IBindingContext.ISchemaValidationProvider,89,3,9,1,18,1,7,1,1,1
Metaschema Java Data Binding and Code Generation,gov.nist.secauto.metaschema.databind,IBindingContext.IBindingMatcher,14,8,1,1,2,2,1,1,0,1
Metaschema Java Data Binding and Code Generation,gov.nist.secauto.metaschema.databind,PostProcessingModuleLoaderStrategy,0,67,1,5,0,18,1,6,0,4
Metaschema Java Data Binding and Code Generation,gov.nist.secauto.metaschema.databind,IBindingContext,107,2,4,0,26,1,7,1,5,1
Metaschema Java Data Binding and Code Generation,gov.nist.secauto.metaschema.databind,RootAssemblyBindingMatcher,0,41,0,4,0,9,0,9,0,7
Metaschema Java Data Binding and Code Generation,gov.nist.secauto.metaschema.databind,DefaultBindingContext,176,270,13,15,29,70,15,23,3,19
Metaschema Java Data Binding and Code Generation,gov.nist.secauto.metaschema.databind,SimpleModuleLoaderStrategy,0,101,2,8,0,27,2,8,0,5
Metaschema Java Data Binding and Code Generation,gov.nist.secauto.metaschema.databind.model.impl,DefinitionField,113,131,9,9,24,27,16,12,10,9
Metaschema Java Data Binding and Code Generation,gov.nist.secauto.metaschema.databind.model.impl,InstanceModelChoiceGroup.ChoiceGroupModelContainerSupport,25,69,3,1,5,21,6,4,4,4
Metaschema Java Data Binding and Code Generation,gov.nist.secauto.metaschema.databind.model.impl,ConstraintSupport,52,124,2,2,6,30,5,7,3,7
Metaschema Java Data Binding and Code Generation,gov.nist.secauto.metaschema.databind.model.impl,InstanceModelFieldScalar,65,167,5,5,12,40,6,20,2,19
Metaschema Java Data Binding and Code Generation,gov.nist.secauto.metaschema.databind.model.impl,InstanceModelGroupedAssembly,41,28,0,0,7,8,8,4,8,4
Metaschema Java Data Binding and Code Generation,gov.nist.secauto.metaschema.databind.model.impl,DefaultGroupAs,18,29,1,1,4,9,1,4,0,4
Metaschema Java Data Binding and Code Generation,gov.nist.secauto.metaschema.databind.model.impl,DefinitionField.FieldValue,11,59,0,2,3,14,3,8,3,7
Metaschema Java Data Binding and Code Generation,gov.nist.secauto.metaschema.databind.model.impl,InstanceModelGroupedFieldComplex,112,0,10,0,24,0,19,0,14,0
Metaschema Java Data Binding and Code Generation,gov.nist.secauto.metaschema.databind.model.impl,IFeatureBoundContainerModelChoiceGroup,35,5,0,0,6,1,6,1,6,1
Metaschema Java Data Binding and Code Generation,gov.nist.secauto.metaschema.databind.model.impl,InstanceModelAssemblyComplex,79,130,5,9,15,28,9,17,5,14
Metaschema Java Data Binding and Code Generation,gov.nist.secauto.metaschema.databind.model.impl,IFeatureInstanceModelGroupAs,17,16,2,0,5,4,2,4,1,4
Metaschema Java Data Binding and Code Generation,gov.nist.secauto.metaschema.databind.model.impl,InstanceFlagInline,10,118,0,0,2,27,2,14,2,14
Metaschema Java Data Binding and Code Generation,gov.nist.secauto.metaschema.databind.model.impl,AbstractBoundDefinitionModelComplex,47,104,4,0,10,18,5,12,3,12
Metaschema Java Data Binding and Code Generation,gov.nist.secauto.metaschema.databind.model.impl,InstanceModelChoiceGroup,122,166,8,2,27,36,13,19,8,19
Metaschema Java Data Binding and Code Generation,gov.nist.secauto.metaschema.databind.model.impl,ClassIntrospector,36,12,4,2,10,5,3,2,1,1
Metaschema Java Data Binding and Code Generation,gov.nist.secauto.metaschema.databind.model.impl,DefinitionAssembly,35,193,3,7,7,34,5,21,3,18
Metaschema Java Data Binding and Code Generation,gov.nist.secauto.metaschema.databind.model.impl,FlagContainerSupport,5,112,2,12,3,29,3,11,1,6
Metaschema Java Data Binding and Code Generation,gov.nist.secauto.metaschema.databind.model.impl,IFeatureBoundContainerModelAssembly,28,25,0,0,6,4,6,4,6,4
Metaschema Java Data Binding and Code Generation,gov.nist.secauto.metaschema.databind.model.impl,InstanceModelFieldComplex,140,184,15,13,29,44,11,25,1,21
Metaschema Java Data Binding and Code Generation,gov.nist.secauto.metaschema.databind.model.impl,ConstraintFactory,277,375,24,18,68,87,22,22,6,17
Metaschema Java Data Binding and Code Generation,gov.nist.secauto.metaschema.databind.model.impl,AssemblyModelContainerSupport,28,236,6,32,4,63,8,24,2,11
Metaschema Java Data Binding and Code Generation,gov.nist.secauto.metaschema.databind.codegen,IProduction,8,98,5,13,0,22,5,6,0,2
Metaschema Java Data Binding and Code Generation,gov.nist.secauto.metaschema.databind.codegen,PackageMetadata,24,46,1,1,2,13,1,5,0,5
Metaschema Java Data Binding and Code Generation,gov.nist.secauto.metaschema.databind.codegen,JavaGenerator,0,34,1,1,0,8,1,3,0,3
Metaschema Java Data Binding and Code Generation,gov.nist.secauto.metaschema.databind.codegen,ClassUtils,0,31,0,0,0,7,0,5,0,5
Metaschema Java Data Binding and Code Generation,gov.nist.secauto.metaschema.databind.codegen,PackageProductionImpl,3,21,0,0,1,7,1,2,1,2
Metaschema Java Data Binding and Code Generation,gov.nist.secauto.metaschema.databind.codegen,ModuleCompilerHelper,73,188,19,11,18,43,15,9,1,8
Metaschema Java Data Binding and Code Generation,gov.nist.secauto.metaschema.databind.codegen,ProductionImpl,25,104,1,5,4,24,4,11,3,9
Metaschema Java Data Binding and Code Generation,gov.nist.secauto.metaschema.databind.codegen.typeinfo.def,IAssemblyDefinitionTypeInfo,0,6,0,0,0,1,0,1,0,1
Metaschema Java Data Binding and Code Generation,gov.nist.secauto.metaschema.databind.codegen.typeinfo.def,AssemblyDefinitionTypeInfoImpl,23,122,4,8,4,27,5,10,2,7
Metaschema Java Data Binding and Code Generation,gov.nist.secauto.metaschema.databind.codegen.typeinfo.def,AbstractModelDefinitionTypeInfo,25,103,3,1,4,25,4,15,2,15
Metaschema Java Data Binding and Code Generation,gov.nist.secauto.metaschema.databind.codegen.typeinfo.def,IModelDefinitionTypeInfo,34,0,3,0,9,0,3,0,1,0
Metaschema Java Data Binding and Code Generation,gov.nist.secauto.metaschema.databind.codegen.typeinfo.def,FieldDefinitionTypeInfoImpl,19,64,2,0,4,13,3,6,2,6
Metaschema Java Data Binding and Code Generation,gov.nist.secauto.metaschema.databind.codegen.typeinfo.def,IFieldDefinitionTypeInfo,0,6,0,0,0,1,0,1,0,1
Metaschema Java Data Binding and Code Generation,gov.nist.secauto.metaschema.databind.codegen.impl,AnnotationGenerator,301,907,26,80,47,172,21,50,2,16
Metaschema Java Data Binding and Code Generation,gov.nist.secauto.metaschema.databind.codegen.impl,DefaultGeneratedDefinitionClass,13,11,4,0,1,4,3,2,1,2
Metaschema Java Data Binding and Code Generation,gov.nist.secauto.metaschema.databind.codegen.impl,DefaultGeneratedClass,0,21,0,0,0,6,0,3,0,3
Metaschema Java Data Binding and Code Generation,gov.nist.secauto.metaschema.databind.codegen.impl,DefaultGeneratedModuleClass,0,27,0,0,0,8,0,4,0,4
Metaschema Java Data Binding and Code Generation,gov.nist.secauto.metaschema.databind.io.yaml.impl,YamlFactoryFactory,19,33,1,1,9,10,2,1,1,1
Metaschema Java Data Binding and Code Generation,gov.nist.secauto.metaschema.databind.io.json,MetaschemaJsonReader.PropertyBodyHandler,20,101,4,8,5,25,3,5,0,2
Metaschema Java Data Binding and Code Generation,gov.nist.secauto.metaschema.databind.io.json,MetaschemaJsonReader.JsomValueKeyProblemHandler,9,67,1,1,1,17,1,3,0,3
Metaschema Java Data Binding and Code Generation,gov.nist.secauto.metaschema.databind.io.json,DefaultJsonDeserializer,23,112,6,6,4,28,6,7,0,7
Metaschema Java Data Binding and Code Generation,gov.nist.secauto.metaschema.databind.io.json,MetaschemaJsonReader.JsonKeyBodyHandler,0,54,0,0,0,12,0,2,0,2
Metaschema Java Data Binding and Code Generation,gov.nist.secauto.metaschema.databind.io.json,JsonFactoryFactory,0,29,0,0,0,9,0,4,0,4
Metaschema Java Data Binding and Code Generation,gov.nist.secauto.metaschema.databind.io.json,MetaschemaJsonWriter,399,0,42,0,113,0,44,0,23,0
Metaschema Java Data Binding and Code Generation,gov.nist.secauto.metaschema.databind.io.json,MetaschemaJsonReader.GroupedInstanceProblemHandler,44,0,2,0,11,0,4,0,3,0
Metaschema Java Data Binding and Code Generation,gov.nist.secauto.metaschema.databind.io.json,MetaschemaJsonReader.ModelInstanceReadHandler,23,135,3,8,4,33,3,8,0,5
Metaschema Java Data Binding and Code Generation,gov.nist.secauto.metaschema.databind.io.json,MetaschemaJsonWriter.ModelInstanceWriteHandler,52,0,8,0,17,0,7,0,3,0
Metaschema Java Data Binding and Code Generation,gov.nist.secauto.metaschema.databind.io.json,MetaschemaJsonReader.MetaschemaData,12,19,0,0,4,6,4,1,4,1
Metaschema Java Data Binding and Code Generation,gov.nist.secauto.metaschema.databind.io.json,DefaultJsonProblemHandler,0,25,1,1,0,9,1,3,0,3
Metaschema Java Data Binding and Code Generation,gov.nist.secauto.metaschema.databind.io.json,MetaschemaJsonReader,232,347,21,25,47,87,21,31,6,23
Metaschema Java Data Binding and Code Generation,gov.nist.secauto.metaschema.databind.io.json,DefaultJsonSerializer,90,0,8,0,27,0,11,0,7,0
Metaschema Java Data Binding and Code Generation,gov.nist.secauto.metaschema.databind.io.json,MetaschemaJsonUtil,96,0,14,0,24,0,10,0,3,0
Metaschema Java Data Binding and Code Generation,gov.nist.secauto.metaschema.databind.model.metaschema.impl,BindingModule,111,206,5,5,14,48,13,25,8,25
Metaschema Java Data Binding and Code Generation,gov.nist.secauto.metaschema.databind.model.metaschema.impl,FlagContainerSupport,35,101,3,11,5,24,3,6,0,2
Metaschema Java Data Binding and Code Generation,gov.nist.secauto.metaschema.databind.model.metaschema.impl,AbstractBindingModelContainerSupport,44,95,2,2,8,25,2,5,0,5
Metaschema Java Data Binding and Code Generation,gov.nist.secauto.metaschema.databind.model.metaschema.impl,AssemblyModelContainerSupport,30,260,3,29,7,62,8,16,5,3
Metaschema Java Data Binding and Code Generation,gov.nist.secauto.metaschema.databind.model.metaschema.impl,IFeatureBindingContainerModelAssembly,51,4,0,0,9,1,9,1,9,1
Metaschema Java Data Binding and Code Generation,gov.nist.secauto.metaschema.databind.model.metaschema.impl,IFeatureInstanceModelGroupAs,4,12,0,0,1,3,1,3,1,3
Metaschema Java Data Binding and Code Generation,gov.nist.secauto.metaschema.databind.model.metaschema.impl,DefinitionFieldGlobal,32,160,2,6,6,34,6,19,4,17
Metaschema Java Data Binding and Code Generation,gov.nist.secauto.metaschema.databind.model.metaschema.impl,InstanceModelAssemblyInline,27,178,3,5,4,38,6,18,3,17
Metaschema Java Data Binding and Code Generation,gov.nist.secauto.metaschema.databind.model.metaschema.impl,InstanceModelGroupedFieldReference,89,0,0,0,21,0,14,0,14,0
Metaschema Java Data Binding and Code Generation,gov.nist.secauto.metaschema.databind.model.metaschema.impl,InstanceFlagInline,24,105,0,2,5,25,4,13,4,12
Metaschema Java Data Binding and Code Generation,gov.nist.secauto.metaschema.databind.model.metaschema.impl,AbstractAllowedValue,3,13,0,2,1,3,1,3,1,2
Metaschema Java Data Binding and Code Generation,gov.nist.secauto.metaschema.databind.model.metaschema.impl,InstanceModelAssemblyReference,38,84,2,2,7,20,8,11,6,11
Metaschema Java Data Binding and Code Generation,gov.nist.secauto.metaschema.databind.model.metaschema.impl,ChoiceModelContainerSupport,28,178,6,18,7,42,9,9,3,3
Metaschema Java Data Binding and Code Generation,gov.nist.secauto.metaschema.databind.model.metaschema.impl,DefinitionFlagGlobal,21,111,0,2,4,24,4,14,4,13
Metaschema Java Data Binding and Code Generation,gov.nist.secauto.metaschema.databind.model.metaschema.impl,IFeatureBindingContainerModel,40,0,0,0,7,0,7,0,7,0
Metaschema Java Data Binding and Code Generation,gov.nist.secauto.metaschema.databind.model.metaschema.impl,InstanceFlagReference,33,70,0,0,7,17,6,10,6,10
Metaschema Java Data Binding and Code Generation,gov.nist.secauto.metaschema.databind.model.metaschema.impl,InstanceModelGroupedAssemblyInline,32,136,1,1,7,28,5,14,4,14
Metaschema Java Data Binding and Code Generation,gov.nist.secauto.metaschema.databind.model.metaschema.impl,InstanceModelGroupedFieldInline,185,0,6,0,38,0,23,0,20,0
Metaschema Java Data Binding and Code Generation,gov.nist.secauto.metaschema.databind.model.metaschema.impl,DefinitionAssemblyGlobal,16,180,1,7,3,34,4,22,3,19
Metaschema Java Data Binding and Code Generation,gov.nist.secauto.metaschema.databind.model.metaschema.impl,GroupAsImpl,0,30,0,0,0,8,0,4,0,4
Metaschema Java Data Binding and Code Generation,gov.nist.secauto.metaschema.databind.model.metaschema.impl,ConstraintBindingSupport,112,666,19,69,29,169,20,49,2,20
Metaschema Java Data Binding and Code Generation,gov.nist.secauto.metaschema.databind.model.metaschema.impl,InstanceModelFieldInline,38,192,5,7,5,43,8,21,3,20
Metaschema Java Data Binding and Code Generation,gov.nist.secauto.metaschema.databind.model.metaschema.impl,BindingModule.Definitions,18,134,1,9,4,30,1,5,0,1
Metaschema Java Data Binding and Code Generation,gov.nist.secauto.metaschema.databind.model.metaschema.impl,InstanceModelFieldReference,39,99,2,2,7,23,8,13,6,13
Metaschema Java Data Binding and Code Generation,gov.nist.secauto.metaschema.databind.model.metaschema.impl,InstanceModelChoiceGroup,26,96,4,4,3,20,6,11,2,11
Metaschema Java Data Binding and Code Generation,gov.nist.secauto.metaschema.databind.model.metaschema.impl,InstanceModelChoice,30,42,0,0,7,8,6,4,6,4
Metaschema Java Data Binding and Code Generation,gov.nist.secauto.metaschema.databind.model.metaschema.impl,ChoiceGroupModelContainerSupport,152,168,14,12,32,42,16,7,5,5
Metaschema Java Data Binding and Code Generation,gov.nist.secauto.metaschema.databind.model.metaschema.impl,ModelSupport,42,197,13,32,10,62,13,30,1,18
Metaschema Java Data Binding and Code Generation,gov.nist.secauto.metaschema.databind.model.metaschema.impl,InstanceModelGroupedAssemblyReference,34,55,0,0,7,14,6,8,6,8
Metaschema Java Data Binding and Code Generation,gov.nist.secauto.metaschema.databind.model.annotations,XmlNsForm,21,0,0,0,4,0,1,0,1,0
Metaschema Java Data Binding and Code Generation,gov.nist.secauto.metaschema.databind.model.annotations,NullJavaTypeAdapter,31,0,0,0,8,0,7,0,7,0
Metaschema Java Data Binding and Code Generation,gov.nist.secauto.metaschema.databind.model.annotations,ModelUtil,91,97,16,18,22,25,13,16,3,9
Metaschema Java Data Binding and Code Generation,gov.nist.secauto.metaschema.databind.model.annotations,NullJavaTypeAdapter.VoidItem,38,0,0,0,8,0,8,0,8,0
Metaschema Java Data Binding and Code Generation,gov.nist.secauto.metaschema.databind.model.info,ListCollectionInfo,62,29,7,3,11,8,9,6,4,6
Metaschema Java Data Binding and Code Generation,gov.nist.secauto.metaschema.databind.model.info,MapCollectionInfo,100,25,12,2,18,8,13,6,6,6
Metaschema Java Data Binding and Code Generation,gov.nist.secauto.metaschema.databind.model.info,IModelInstanceCollectionInfo,165,59,8,9,28,15,8,3,1,1
Metaschema Java Data Binding and Code Generation,gov.nist.secauto.metaschema.databind.model.info,IFeatureScalarItemValueHandler,18,14,2,0,3,4,3,2,2,2
Metaschema Java Data Binding and Code Generation,gov.nist.secauto.metaschema.databind.model.info,AbstractModelInstanceCollectionInfo,0,9,0,0,0,4,0,2,0,2
Metaschema Java Data Binding and Code Generation,gov.nist.secauto.metaschema.databind.model.info,IFeatureComplexItemValueHandler,34,30,1,1,8,7,1,1,0,1
Metaschema Java Data Binding and Code Generation,gov.nist.secauto.metaschema.databind.model.info,IModelInstanceWriteHandler,0,4,0,0,0,2,0,1,0,1
Metaschema Java Data Binding and Code Generation,gov.nist.secauto.metaschema.databind.model.info,AbstractModelInstanceReadHandler,19,19,4,0,7,7,3,4,1,4
Metaschema Java Data Binding and Code Generation,gov.nist.secauto.metaschema.databind.model.info,AbstractModelInstanceWriteHandler,4,35,0,2,1,12,1,6,1,5
Metaschema Java Data Binding and Code Generation,gov.nist.secauto.metaschema.databind.model.info,SingletonCollectionInfo,38,24,7,3,6,8,9,5,4,5
Metaschema Java Data Binding and Code Generation,gov.nist.secauto.metaschema.databind.model.info,IModelInstanceReadHandler,0,3,0,0,0,1,0,1,0,1
Metaschema Java Data Binding and Code Generation,gov.nist.secauto.metaschema.databind.io,AbstractProblemHandler,0,28,0,4,0,9,0,5,0,3
Metaschema Java Data Binding and Code Generation,gov.nist.secauto.metaschema.databind.io,ModelDetector.Result,0,33,0,0,0,9,0,4,0,4
Metaschema Java Data Binding and Code Generation,gov.nist.secauto.metaschema.databind.io,ModelDetector,85,160,12,14,16,45,13,10,2,7
Metaschema Java Data Binding and Code Generation,gov.nist.secauto.metaschema.databind.io,IBoundLoader,163,13,0,0,32,2,15,2,15,2
Metaschema Java Data Binding and Code Generation,gov.nist.secauto.metaschema.databind.io,DeserializationFeature,0,47,0,0,0,12,0,2,0,2
Metaschema Java Data Binding and Code Generation,gov.nist.secauto.metaschema.databind.io,AbstractDeserializer,78,92,5,5,20,26,8,7,4,6
Metaschema Java Data Binding and Code Generation,gov.nist.secauto.metaschema.databind.io,ISerializer,53,3,5,1,10,1,6,1,3,1
Metaschema Java Data Binding and Code Generation,gov.nist.secauto.metaschema.databind.io,DefaultBoundLoader,70,226,2,6,14,55,8,20,6,18
Metaschema Java Data Binding and Code Generation,gov.nist.secauto.metaschema.databind.io,IDeserializer,22,43,0,0,3,6,2,5,2,5
Metaschema Java Data Binding and Code Generation,gov.nist.secauto.metaschema.databind.io,FormatDetector.Result,21,36,2,4,3,11,3,4,1,3
Metaschema Java Data Binding and Code Generation,gov.nist.secauto.metaschema.databind.io,AbstractSerializationBase,4,32,0,0,1,10,1,7,1,7
Metaschema Java Data Binding and Code Generation,gov.nist.secauto.metaschema.databind.io,IWritingContext.ObjectWriter,0,13,0,0,0,4,0,2,0,2
Metaschema Java Data Binding and Code Generation,gov.nist.secauto.metaschema.databind.io,BindingException,13,0,0,0,6,0,3,0,3,0
Metaschema Java Data Binding and Code Generation,gov.nist.secauto.metaschema.databind.io,SerializationFeature,0,15,0,0,0,4,0,2,0,2
Metaschema Java Data Binding and Code Generation,gov.nist.secauto.metaschema.databind.io,AbstractSerializer,37,4,0,0,10,2,4,1,4,1
Metaschema Java Data Binding and Code Generation,gov.nist.secauto.metaschema.databind.io,Format,8,65,0,0,3,15,3,3,3,3
Metaschema Java Data Binding and Code Generation,gov.nist.secauto.metaschema.databind.io,FormatDetector,16,71,1,1,3,19,2,5,1,5
Metaschema Java Data Binding and Code Generation,gov.nist.secauto.metaschema.databind.io.yaml,DefaultYamlDeserializer,8,0,0,0,3,0,2,0,2,0
Metaschema Java Data Binding and Code Generation,gov.nist.secauto.metaschema.databind.io.yaml,DefaultYamlSerializer,8,0,0,0,3,0,2,0,2,0
Metaschema Java Data Binding and Code Generation,gov.nist.secauto.metaschema.databind.io.yaml,YamlOperations.new Resolver() {...},34,0,0,0,8,0,2,0,2,0
Metaschema Java Data Binding and Code Generation,gov.nist.secauto.metaschema.databind.io.yaml,YamlOperations,54,0,0,0,10,0,3,0,3,0
Metaschema Java Data Binding and Code Generation,gov.nist.secauto.metaschema.databind.codegen.config,DefaultBindingConfiguration.MetaschemaBindingConfiguration,0,39,0,0,0,8,0,5,0,5
Metaschema Java Data Binding and Code Generation,gov.nist.secauto.metaschema.databind.codegen.config,DefaultBindingConfiguration,76,362,11,32,14,97,11,29,1,17
Metaschema Java Data Binding and Code Generation,gov.nist.secauto.metaschema.databind.codegen.config,DefaultDefinitionBindingConfiguration,26,27,0,0,7,10,2,6,2,6
Metaschema Java Data Binding and Code Generation,gov.nist.secauto.metaschema.databind.model.metaschema,BindingConstraintLoader.MetaTargetedContraints,8,79,0,0,4,15,2,4,2,4
Metaschema Java Data Binding and Code Generation,gov.nist.secauto.metaschema.databind.model.metaschema,BindingConstraintLoader,233,278,17,13,48,70,19,10,7,7
Metaschema Java Data Binding and Code Generation,gov.nist.secauto.metaschema.databind.model.metaschema,BindingModuleLoader,14,73,0,2,3,20,3,9,3,8
Metaschema Java Data Binding and Code Generation,gov.nist.secauto.metaschema.databind.model.metaschema,IBindingInstance,4,0,0,0,1,0,1,0,1,0
Metaschema Java Data Binding and Code Generation,gov.nist.secauto.metaschema.databind.model.metaschema,BindingConstraintLoader.MetaConstraintSet,0,11,0,0,0,5,0,3,0,3
Metaschema Java Data Binding and Code Generation,gov.nist.secauto.metaschema.databind.model.metaschema,BindingConstraintLoader.Context,4,62,0,0,0,15,1,6,1,6
Metaschema Java Data Binding and Code Generation,gov.nist.secauto.metaschema.databind.model,IBoundInstanceModelGroupedField,68,0,2,0,14,0,4,0,3,0
Metaschema Java Data Binding and Code Generation,gov.nist.secauto.metaschema.databind.model,IBoundInstanceModelChoiceGroup,22,27,0,2,6,4,4,5,4,4
Metaschema Java Data Binding and Code Generation,gov.nist.secauto.metaschema.databind.model,IBoundInstanceModelGroupedAssembly,38,30,1,1,8,6,2,2,1,2
Metaschema Java Data Binding and Code Generation,gov.nist.secauto.metaschema.databind.model,IBoundInstanceFlag,29,14,2,0,9,2,6,2,5,2
Metaschema Java Data Binding and Code Generation,gov.nist.secauto.metaschema.databind.model,IBoundInstanceModelGroupedNamed,56,0,4,0,14,0,9,0,7,0
Metaschema Java Data Binding and Code Generation,gov.nist.secauto.metaschema.databind.model,IBoundInstance,4,9,0,0,1,3,1,2,1,2
Metaschema Java Data Binding and Code Generation,gov.nist.secauto.metaschema.databind.model,IGroupAs,4,21,2,2,0,5,2,3,0,3
Metaschema Java Data Binding and Code Generation,gov.nist.secauto.metaschema.databind.model,IGroupAs.new IGroupAs() {...},2,7,0,0,1,3,1,3,1,3
Metaschema Java Data Binding and Code Generation,gov.nist.secauto.metaschema.databind.model,IBoundFieldValue,17,13,0,0,5,3,3,2,3,2
Metaschema Java Data Binding and Code Generation,gov.nist.secauto.metaschema.databind.model,IBoundInstanceModel,0,114,0,14,0,20,0,11,0,4
Metaschema Java Data Binding and Code Generation,gov.nist.secauto.metaschema.databind.model,IBoundInstanceModelFieldScalar,18,15,0,0,7,4,7,3,7,3
Metaschema Java Data Binding and Code Generation,gov.nist.secauto.metaschema.databind.model,IBoundInstanceModelAssembly,41,33,1,1,9,8,5,3,4,3
Metaschema Java Data Binding and Code Generation,gov.nist.secauto.metaschema.databind.model,IBoundDefinitionModelField,2,0,0,0,1,0,1,0,1,0
Metaschema Java Data Binding and Code Generation,gov.nist.secauto.metaschema.databind.model,IBoundInstanceModelNamed,4,32,0,2,1,8,1,7,1,6
Metaschema Java Data Binding and Code Generation,gov.nist.secauto.metaschema.databind.model,IBoundDefinitionModelFieldComplex,49,99,6,14,12,30,8,12,4,6
Metaschema Java Data Binding and Code Generation,gov.nist.secauto.metaschema.databind.model,IBoundInstanceModelFieldComplex,22,15,0,0,6,4,4,3,4,3
Metaschema Java Data Binding and Code Generation,gov.nist.secauto.metaschema.databind.model,IFeatureJavaField,46,43,0,0,10,14,1,3,1,3
Metaschema Java Data Binding and Code Generation,gov.nist.secauto.metaschema.databind.model,IBoundDefinitionModelAssembly,9,39,0,2,3,9,3,6,3,5
Metaschema Java Data Binding and Code Generation,gov.nist.secauto.metaschema.databind.model,AbstractBoundModule,83,251,7,11,17,51,13,21,6,19
Metaschema Java Data Binding and Code Generation,gov.nist.secauto.metaschema.databind.model,IBoundInstanceModelField,27,42,2,4,5,13,2,3,0,2
Metaschema Java Data Binding and Code Generation,gov.nist.secauto.metaschema.databind.model,IBoundDefinitionModelComplex,42,12,4,2,9,6,4,2,1,2
Metaschema Java Data Binding and Code Generation,gov.nist.secauto.metaschema.databind.model,IBoundModule,0,2,0,0,0,1,0,1,0,1
Metaschema Java Data Binding and Code Generation,gov.nist.secauto.metaschema.databind.io.xml,MetaschemaXmlWriter.ItemWriter,181,271,9,11,42,71,16,18,8,16
Metaschema Java Data Binding and Code Generation,gov.nist.secauto.metaschema.databind.io.xml,MetaschemaXmlWriter.AbstractItemWriter,0,9,0,0,0,4,0,2,0,2
Metaschema Java Data Binding and Code Generation,gov.nist.secauto.metaschema.databind.io.xml,MetaschemaXmlReader.MetaschemaData,11,16,0,0,4,5,4,1,4,1
Metaschema Java Data Binding and Code Generation,gov.nist.secauto.metaschema.databind.io.xml,MetaschemaXmlWriter,22,67,2,6,7,19,4,5,2,3
Metaschema Java Data Binding and Code Generation,gov.nist.secauto.metaschema.databind.io.xml,CommentFilter,0,11,0,2,0,2,0,3,0,2
Metaschema Java Data Binding and Code Generation,gov.nist.secauto.metaschema.databind.io.xml,IXmlProblemHandler,4,12,0,0,2,4,2,2,2,2
Metaschema Java Data Binding and Code Generation,gov.nist.secauto.metaschema.databind.io.xml,MetaschemaXmlReader,67,292,4,30,14,68,5,23,1,10
Metaschema Java Data Binding and Code Generation,gov.nist.secauto.metaschema.databind.io.xml,DefaultXmlSerializer,50,94,7,5,15,27,7,5,1,5
Metaschema Java Data Binding and Code Generation,gov.nist.secauto.metaschema.databind.io.xml,MetaschemaXmlWriter.ModelInstanceWriteHandler,0,16,0,0,0,6,0,2,0,2
Metaschema Java Data Binding and Code Generation,gov.nist.secauto.metaschema.databind.io.xml,DefaultXmlDeserializer,57,151,2,6,13,32,3,10,1,8
Metaschema Java Data Binding and Code Generation,gov.nist.secauto.metaschema.databind.io.xml,MetaschemaXmlReader.ItemReadHandler,52,213,4,4,14,55,7,15,3,15
Metaschema Java Data Binding and Code Generation,gov.nist.secauto.metaschema.databind.io.xml,DefaultXmlProblemHandler,8,33,2,2,2,9,2,3,0,3
Metaschema Java Data Binding and Code Generation,gov.nist.secauto.metaschema.databind.io.xml,MetaschemaXmlReader.ModelInstanceReadHandler,22,112,2,6,5,27,3,9,1,7
